{"C:\\Users\\pjmar\\OneDrive\\Desktop\\AI POD 2\\ShareSphereBackFront\\ShareSphereFront\\src\\App.tsx": {"path":"C:\\Users\\pjmar\\OneDrive\\Desktop\\AI POD 2\\ShareSphereBackFront\\ShareSphereFront\\src\\App.tsx","statementMap":{"0":{"start":{"line":15,"column":37},"end":{"line":15,"column":null}},"1":{"start":{"line":18,"column":2},"end":{"line":27,"column":null}},"2":{"start":{"line":19,"column":4},"end":{"line":25,"column":null}},"3":{"start":{"line":29,"column":2},"end":{"line":29,"column":null}},"4":{"start":{"line":34,"column":37},"end":{"line":34,"column":null}},"5":{"start":{"line":37,"column":2},"end":{"line":46,"column":null}},"6":{"start":{"line":38,"column":4},"end":{"line":44,"column":null}},"7":{"start":{"line":49,"column":2},"end":{"line":49,"column":null}},"8":{"start":{"line":54,"column":40},"end":{"line":54,"column":null}},"9":{"start":{"line":57,"column":19},"end":{"line":59,"column":null}},"10":{"start":{"line":61,"column":2},"end":{"line":61,"column":null}},"11":{"start":{"line":63,"column":23},"end":{"line":65,"column":null}},"12":{"start":{"line":64,"column":4},"end":{"line":64,"column":null}},"13":{"start":{"line":67,"column":2},"end":{"line":128,"column":null}},"14":{"start":{"line":134,"column":2},"end":{"line":139,"column":null}}},"fnMap":{"0":{"name":"ProtectedRoute","decl":{"start":{"line":14,"column":9},"end":{"line":14,"column":24}},"loc":{"start":{"line":14,"column":69},"end":{"line":30,"column":null}},"line":14},"1":{"name":"PublicRoute","decl":{"start":{"line":33,"column":9},"end":{"line":33,"column":21}},"loc":{"start":{"line":33,"column":66},"end":{"line":50,"column":null}},"line":33},"2":{"name":"AppContent","decl":{"start":{"line":53,"column":9},"end":{"line":53,"column":22}},"loc":{"start":{"line":53,"column":22},"end":{"line":130,"column":null}},"line":53},"3":{"name":"(anonymous_3)","decl":{"start":{"line":63,"column":23},"end":{"line":63,"column":29}},"loc":{"start":{"line":63,"column":29},"end":{"line":65,"column":null}},"line":63},"4":{"name":"App","decl":{"start":{"line":133,"column":24},"end":{"line":133,"column":30}},"loc":{"start":{"line":133,"column":30},"end":{"line":141,"column":null}},"line":133}},"branchMap":{"0":{"loc":{"start":{"line":18,"column":2},"end":{"line":27,"column":null}},"type":"if","locations":[{"start":{"line":18,"column":2},"end":{"line":27,"column":null}},{"start":{},"end":{}}],"line":18},"1":{"loc":{"start":{"line":29,"column":9},"end":{"line":29,"column":null}},"type":"cond-expr","locations":[{"start":{"line":29,"column":28},"end":{"line":29,"column":46}},{"start":{"line":29,"column":46},"end":{"line":29,"column":null}}],"line":29},"2":{"loc":{"start":{"line":37,"column":2},"end":{"line":46,"column":null}},"type":"if","locations":[{"start":{"line":37,"column":2},"end":{"line":46,"column":null}},{"start":{},"end":{}}],"line":37},"3":{"loc":{"start":{"line":49,"column":9},"end":{"line":49,"column":null}},"type":"cond-expr","locations":[{"start":{"line":49,"column":28},"end":{"line":49,"column":58}},{"start":{"line":49,"column":58},"end":{"line":49,"column":null}}],"line":49},"4":{"loc":{"start":{"line":57,"column":19},"end":{"line":59,"column":null}},"type":"cond-expr","locations":[{"start":{"line":58,"column":7},"end":{"line":58,"column":null}},{"start":{"line":59,"column":6},"end":{"line":59,"column":null}}],"line":57},"5":{"loc":{"start":{"line":58,"column":7},"end":{"line":58,"column":null}},"type":"cond-expr","locations":[{"start":{"line":58,"column":40},"end":{"line":58,"column":50}},{"start":{"line":58,"column":50},"end":{"line":58,"column":null}}],"line":58}},"s":{"0":2,"1":2,"2":1,"3":1,"4":1,"5":1,"6":0,"7":1,"8":2,"9":2,"10":2,"11":2,"12":0,"13":2,"14":1},"f":{"0":2,"1":1,"2":2,"3":0,"4":1},"b":{"0":[1,1],"1":[0,1],"2":[0,1],"3":[0,1],"4":[0,2],"5":[0,0]},"meta":{"lastBranch":6,"lastFunction":5,"lastStatement":15,"seen":{"f:14:9:14:24":0,"s:15:37:15:Infinity":0,"b:18:2:27:Infinity:undefined:undefined:undefined:undefined":0,"s:18:2:27:Infinity":1,"s:19:4:25:Infinity":2,"s:29:2:29:Infinity":3,"b:29:28:29:46:29:46:29:Infinity":1,"f:33:9:33:21":1,"s:34:37:34:Infinity":4,"b:37:2:46:Infinity:undefined:undefined:undefined:undefined":2,"s:37:2:46:Infinity":5,"s:38:4:44:Infinity":6,"s:49:2:49:Infinity":7,"b:49:28:49:58:49:58:49:Infinity":3,"f:53:9:53:22":2,"s:54:40:54:Infinity":8,"s:57:19:59:Infinity":9,"b:58:7:58:Infinity:59:6:59:Infinity":4,"b:58:40:58:50:58:50:58:Infinity":5,"s:61:2:61:Infinity":10,"s:63:23:65:Infinity":11,"f:63:23:63:29":3,"s:64:4:64:Infinity":12,"s:67:2:128:Infinity":13,"f:133:24:133:30":4,"s:134:2:139:Infinity":14}}}
,"C:\\Users\\pjmar\\OneDrive\\Desktop\\AI POD 2\\ShareSphereBackFront\\ShareSphereFront\\src\\api\\auth.ts": {"path":"C:\\Users\\pjmar\\OneDrive\\Desktop\\AI POD 2\\ShareSphereBackFront\\ShareSphereFront\\src\\api\\auth.ts","statementMap":{"0":{"start":{"line":1,"column":21},"end":{"line":1,"column":null}},"1":{"start":{"line":5,"column":19},"end":{"line":11,"column":null}},"2":{"start":{"line":13,"column":2},"end":{"line":15,"column":null}},"3":{"start":{"line":14,"column":4},"end":{"line":14,"column":null}},"4":{"start":{"line":17,"column":2},"end":{"line":19,"column":null}},"5":{"start":{"line":18,"column":4},"end":{"line":18,"column":null}},"6":{"start":{"line":21,"column":15},"end":{"line":21,"column":null}},"7":{"start":{"line":23,"column":2},"end":{"line":25,"column":null}},"8":{"start":{"line":24,"column":4},"end":{"line":24,"column":null}},"9":{"start":{"line":27,"column":2},"end":{"line":27,"column":null}},"10":{"start":{"line":31,"column":19},"end":{"line":37,"column":null}},"11":{"start":{"line":39,"column":2},"end":{"line":42,"column":null}},"12":{"start":{"line":40,"column":18},"end":{"line":40,"column":null}},"13":{"start":{"line":41,"column":4},"end":{"line":41,"column":null}},"14":{"start":{"line":44,"column":15},"end":{"line":44,"column":null}},"15":{"start":{"line":45,"column":2},"end":{"line":45,"column":null}},"16":{"start":{"line":50,"column":16},"end":{"line":50,"column":null}},"17":{"start":{"line":52,"column":18},"end":{"line":52,"column":null}},"18":{"start":{"line":53,"column":2},"end":{"line":53,"column":null}},"19":{"start":{"line":55,"column":2},"end":{"line":57,"column":null}},"20":{"start":{"line":56,"column":4},"end":{"line":56,"column":null}},"21":{"start":{"line":59,"column":19},"end":{"line":62,"column":null}},"22":{"start":{"line":64,"column":2},"end":{"line":66,"column":null}},"23":{"start":{"line":65,"column":4},"end":{"line":65,"column":null}},"24":{"start":{"line":68,"column":2},"end":{"line":68,"column":null}},"25":{"start":{"line":72,"column":2},"end":{"line":72,"column":null}},"26":{"start":{"line":76,"column":2},"end":{"line":76,"column":null}}},"fnMap":{"0":{"name":"login","decl":{"start":{"line":4,"column":22},"end":{"line":4,"column":28}},"loc":{"start":{"line":4,"column":81},"end":{"line":28,"column":null}},"line":4},"1":{"name":"register","decl":{"start":{"line":30,"column":22},"end":{"line":30,"column":31}},"loc":{"start":{"line":30,"column":120},"end":{"line":46,"column":null}},"line":30},"2":{"name":"authFetch","decl":{"start":{"line":49,"column":22},"end":{"line":49,"column":35}},"loc":{"start":{"line":49,"column":89},"end":{"line":69,"column":null}},"line":49},"3":{"name":"getToken","decl":{"start":{"line":71,"column":16},"end":{"line":71,"column":42}},"loc":{"start":{"line":71,"column":42},"end":{"line":73,"column":null}},"line":71},"4":{"name":"removeToken","decl":{"start":{"line":75,"column":16},"end":{"line":75,"column":36}},"loc":{"start":{"line":75,"column":36},"end":{"line":77,"column":null}},"line":75}},"branchMap":{"0":{"loc":{"start":{"line":13,"column":2},"end":{"line":15,"column":null}},"type":"if","locations":[{"start":{"line":13,"column":2},"end":{"line":15,"column":null}},{"start":{},"end":{}}],"line":13},"1":{"loc":{"start":{"line":17,"column":2},"end":{"line":19,"column":null}},"type":"if","locations":[{"start":{"line":17,"column":2},"end":{"line":19,"column":null}},{"start":{},"end":{}}],"line":17},"2":{"loc":{"start":{"line":23,"column":2},"end":{"line":25,"column":null}},"type":"if","locations":[{"start":{"line":23,"column":2},"end":{"line":25,"column":null}},{"start":{},"end":{}}],"line":23},"3":{"loc":{"start":{"line":39,"column":2},"end":{"line":42,"column":null}},"type":"if","locations":[{"start":{"line":39,"column":2},"end":{"line":42,"column":null}},{"start":{},"end":{}}],"line":39},"4":{"loc":{"start":{"line":41,"column":20},"end":{"line":41,"column":62}},"type":"binary-expr","locations":[{"start":{"line":41,"column":20},"end":{"line":41,"column":41}},{"start":{"line":41,"column":41},"end":{"line":41,"column":62}}],"line":41},"5":{"loc":{"start":{"line":49,"column":49},"end":{"line":49,"column":89}},"type":"default-arg","locations":[{"start":{"line":49,"column":73},"end":{"line":49,"column":89}}],"line":49},"6":{"loc":{"start":{"line":52,"column":30},"end":{"line":52,"column":51}},"type":"binary-expr","locations":[{"start":{"line":52,"column":30},"end":{"line":52,"column":49}},{"start":{"line":52,"column":49},"end":{"line":52,"column":51}}],"line":52},"7":{"loc":{"start":{"line":55,"column":2},"end":{"line":57,"column":null}},"type":"if","locations":[{"start":{"line":55,"column":2},"end":{"line":57,"column":null}},{"start":{},"end":{}}],"line":55},"8":{"loc":{"start":{"line":64,"column":2},"end":{"line":66,"column":null}},"type":"if","locations":[{"start":{"line":64,"column":2},"end":{"line":66,"column":null}},{"start":{},"end":{}}],"line":64}},"s":{"0":1,"1":0,"2":0,"3":0,"4":0,"5":0,"6":0,"7":0,"8":0,"9":0,"10":0,"11":0,"12":0,"13":0,"14":0,"15":0,"16":0,"17":0,"18":0,"19":0,"20":0,"21":0,"22":0,"23":0,"24":0,"25":1,"26":0},"f":{"0":0,"1":0,"2":0,"3":1,"4":0},"b":{"0":[0,0],"1":[0,0],"2":[0,0],"3":[0,0],"4":[0,0],"5":[0],"6":[0,0],"7":[0,0],"8":[0,0]},"meta":{"lastBranch":9,"lastFunction":5,"lastStatement":27,"seen":{"s:1:21:1:Infinity":0,"f:4:22:4:28":0,"s:5:19:11:Infinity":1,"b:13:2:15:Infinity:undefined:undefined:undefined:undefined":0,"s:13:2:15:Infinity":2,"s:14:4:14:Infinity":3,"b:17:2:19:Infinity:undefined:undefined:undefined:undefined":1,"s:17:2:19:Infinity":4,"s:18:4:18:Infinity":5,"s:21:15:21:Infinity":6,"b:23:2:25:Infinity:undefined:undefined:undefined:undefined":2,"s:23:2:25:Infinity":7,"s:24:4:24:Infinity":8,"s:27:2:27:Infinity":9,"f:30:22:30:31":1,"s:31:19:37:Infinity":10,"b:39:2:42:Infinity:undefined:undefined:undefined:undefined":3,"s:39:2:42:Infinity":11,"s:40:18:40:Infinity":12,"s:41:4:41:Infinity":13,"b:41:20:41:41:41:41:41:62":4,"s:44:15:44:Infinity":14,"s:45:2:45:Infinity":15,"f:49:22:49:35":2,"b:49:73:49:89":5,"s:50:16:50:Infinity":16,"s:52:18:52:Infinity":17,"b:52:30:52:49:52:49:52:51":6,"s:53:2:53:Infinity":18,"b:55:2:57:Infinity:undefined:undefined:undefined:undefined":7,"s:55:2:57:Infinity":19,"s:56:4:56:Infinity":20,"s:59:19:62:Infinity":21,"b:64:2:66:Infinity:undefined:undefined:undefined:undefined":8,"s:64:2:66:Infinity":22,"s:65:4:65:Infinity":23,"s:68:2:68:Infinity":24,"f:71:16:71:42":3,"s:72:2:72:Infinity":25,"f:75:16:75:36":4,"s:76:2:76:Infinity":26}}}
,"C:\\Users\\pjmar\\OneDrive\\Desktop\\AI POD 2\\ShareSphereBackFront\\ShareSphereFront\\src\\api\\client.ts": {"path":"C:\\Users\\pjmar\\OneDrive\\Desktop\\AI POD 2\\ShareSphereBackFront\\ShareSphereFront\\src\\api\\client.ts","statementMap":{"0":{"start":{"line":1,"column":21},"end":{"line":1,"column":null}},"1":{"start":{"line":3,"column":0},"end":{"line":5,"column":null}},"2":{"start":{"line":4,"column":2},"end":{"line":4,"column":null}},"3":{"start":{"line":11,"column":16},"end":{"line":11,"column":null}},"4":{"start":{"line":13,"column":18},"end":{"line":13,"column":null}},"5":{"start":{"line":14,"column":2},"end":{"line":14,"column":null}},"6":{"start":{"line":16,"column":2},"end":{"line":18,"column":null}},"7":{"start":{"line":17,"column":4},"end":{"line":17,"column":null}},"8":{"start":{"line":20,"column":19},"end":{"line":23,"column":null}},"9":{"start":{"line":25,"column":2},"end":{"line":28,"column":null}},"10":{"start":{"line":26,"column":22},"end":{"line":26,"column":null}},"11":{"start":{"line":26,"column":57},"end":{"line":26,"column":60}},"12":{"start":{"line":27,"column":4},"end":{"line":27,"column":null}},"13":{"start":{"line":31,"column":22},"end":{"line":31,"column":null}},"14":{"start":{"line":32,"column":24},"end":{"line":32,"column":null}},"15":{"start":{"line":35,"column":2},"end":{"line":41,"column":null}},"16":{"start":{"line":40,"column":4},"end":{"line":40,"column":null}},"17":{"start":{"line":44,"column":15},"end":{"line":44,"column":null}},"18":{"start":{"line":45,"column":2},"end":{"line":47,"column":null}},"19":{"start":{"line":46,"column":4},"end":{"line":46,"column":null}},"20":{"start":{"line":49,"column":2},"end":{"line":49,"column":null}}},"fnMap":{"0":{"name":"apiFetch","decl":{"start":{"line":7,"column":22},"end":{"line":7,"column":null}},"loc":{"start":{"line":10,"column":14},"end":{"line":50,"column":null}},"line":10},"1":{"name":"(anonymous_1)","decl":{"start":{"line":26,"column":50},"end":{"line":26,"column":57}},"loc":{"start":{"line":26,"column":57},"end":{"line":26,"column":60}},"line":26}},"branchMap":{"0":{"loc":{"start":{"line":3,"column":0},"end":{"line":5,"column":null}},"type":"if","locations":[{"start":{"line":3,"column":0},"end":{"line":5,"column":null}},{"start":{},"end":{}}],"line":3},"1":{"loc":{"start":{"line":13,"column":30},"end":{"line":13,"column":52}},"type":"binary-expr","locations":[{"start":{"line":13,"column":30},"end":{"line":13,"column":50}},{"start":{"line":13,"column":50},"end":{"line":13,"column":52}}],"line":13},"2":{"loc":{"start":{"line":16,"column":2},"end":{"line":18,"column":null}},"type":"if","locations":[{"start":{"line":16,"column":2},"end":{"line":18,"column":null}},{"start":{},"end":{}}],"line":16},"3":{"loc":{"start":{"line":25,"column":2},"end":{"line":28,"column":null}},"type":"if","locations":[{"start":{"line":25,"column":2},"end":{"line":28,"column":null}},{"start":{},"end":{}}],"line":25},"4":{"loc":{"start":{"line":27,"column":20},"end":{"line":27,"column":72}},"type":"binary-expr","locations":[{"start":{"line":27,"column":20},"end":{"line":27,"column":41}},{"start":{"line":27,"column":41},"end":{"line":27,"column":72}}],"line":27},"5":{"loc":{"start":{"line":35,"column":2},"end":{"line":41,"column":null}},"type":"if","locations":[{"start":{"line":35,"column":2},"end":{"line":41,"column":null}},{"start":{},"end":{}}],"line":35},"6":{"loc":{"start":{"line":36,"column":4},"end":{"line":38,"column":null}},"type":"binary-expr","locations":[{"start":{"line":36,"column":4},"end":{"line":36,"column":null}},{"start":{"line":37,"column":4},"end":{"line":37,"column":null}},{"start":{"line":38,"column":4},"end":{"line":38,"column":null}}],"line":36},"7":{"loc":{"start":{"line":45,"column":2},"end":{"line":47,"column":null}},"type":"if","locations":[{"start":{"line":45,"column":2},"end":{"line":47,"column":null}},{"start":{},"end":{}}],"line":45}},"s":{"0":1,"1":1,"2":0,"3":0,"4":0,"5":0,"6":0,"7":0,"8":0,"9":0,"10":0,"11":0,"12":0,"13":0,"14":0,"15":0,"16":0,"17":0,"18":0,"19":0,"20":0},"f":{"0":0,"1":0},"b":{"0":[0,1],"1":[0,0],"2":[0,0],"3":[0,0],"4":[0,0],"5":[0,0],"6":[0,0,0],"7":[0,0]},"meta":{"lastBranch":8,"lastFunction":2,"lastStatement":21,"seen":{"s:1:21:1:Infinity":0,"b:3:0:5:Infinity:undefined:undefined:undefined:undefined":0,"s:3:0:5:Infinity":1,"s:4:2:4:Infinity":2,"f:7:22:7:Infinity":0,"s:11:16:11:Infinity":3,"s:13:18:13:Infinity":4,"b:13:30:13:50:13:50:13:52":1,"s:14:2:14:Infinity":5,"b:16:2:18:Infinity:undefined:undefined:undefined:undefined":2,"s:16:2:18:Infinity":6,"s:17:4:17:Infinity":7,"s:20:19:23:Infinity":8,"b:25:2:28:Infinity:undefined:undefined:undefined:undefined":3,"s:25:2:28:Infinity":9,"s:26:22:26:Infinity":10,"f:26:50:26:57":1,"s:26:57:26:60":11,"s:27:4:27:Infinity":12,"b:27:20:27:41:27:41:27:72":4,"s:31:22:31:Infinity":13,"s:32:24:32:Infinity":14,"b:35:2:41:Infinity:undefined:undefined:undefined:undefined":5,"s:35:2:41:Infinity":15,"b:36:4:36:Infinity:37:4:37:Infinity:38:4:38:Infinity":6,"s:40:4:40:Infinity":16,"s:44:15:44:Infinity":17,"b:45:2:47:Infinity:undefined:undefined:undefined:undefined":7,"s:45:2:47:Infinity":18,"s:46:4:46:Infinity":19,"s:49:2:49:Infinity":20}}}
,"C:\\Users\\pjmar\\OneDrive\\Desktop\\AI POD 2\\ShareSphereBackFront\\ShareSphereFront\\src\\components\\AdminPanel.tsx": {"path":"C:\\Users\\pjmar\\OneDrive\\Desktop\\AI POD 2\\ShareSphereBackFront\\ShareSphereFront\\src\\components\\AdminPanel.tsx","statementMap":{"0":{"start":{"line":10,"column":32},"end":{"line":10,"column":null}},"1":{"start":{"line":12,"column":15},"end":{"line":16,"column":null}},"2":{"start":{"line":18,"column":2},"end":{"line":52,"column":null}},"3":{"start":{"line":31,"column":10},"end":{"line":42,"column":null}},"4":{"start":{"line":33,"column":27},"end":{"line":33,"column":null}}},"fnMap":{"0":{"name":"AdminPanel","decl":{"start":{"line":9,"column":16},"end":{"line":9,"column":29}},"loc":{"start":{"line":9,"column":29},"end":{"line":54,"column":null}},"line":9},"1":{"name":"(anonymous_1)","decl":{"start":{"line":30,"column":18},"end":{"line":30,"column":19}},"loc":{"start":{"line":31,"column":10},"end":{"line":42,"column":null}},"line":31},"2":{"name":"(anonymous_2)","decl":{"start":{"line":33,"column":21},"end":{"line":33,"column":27}},"loc":{"start":{"line":33,"column":27},"end":{"line":33,"column":null}},"line":33}},"branchMap":{"0":{"loc":{"start":{"line":35,"column":14},"end":{"line":37,"column":null}},"type":"cond-expr","locations":[{"start":{"line":36,"column":18},"end":{"line":36,"column":null}},{"start":{"line":37,"column":18},"end":{"line":37,"column":null}}],"line":35},"1":{"loc":{"start":{"line":48,"column":9},"end":{"line":48,"column":null}},"type":"binary-expr","locations":[{"start":{"line":48,"column":9},"end":{"line":48,"column":36}},{"start":{"line":48,"column":36},"end":{"line":48,"column":null}}],"line":48},"2":{"loc":{"start":{"line":49,"column":9},"end":{"line":49,"column":null}},"type":"binary-expr","locations":[{"start":{"line":49,"column":9},"end":{"line":49,"column":38}},{"start":{"line":49,"column":38},"end":{"line":49,"column":null}}],"line":49},"3":{"loc":{"start":{"line":50,"column":9},"end":{"line":50,"column":null}},"type":"binary-expr","locations":[{"start":{"line":50,"column":9},"end":{"line":50,"column":38}},{"start":{"line":50,"column":38},"end":{"line":50,"column":null}}],"line":50}},"s":{"0":5,"1":5,"2":5,"3":15,"4":2},"f":{"0":5,"1":15,"2":2},"b":{"0":[5,10],"1":[5,3],"2":[5,1],"3":[5,1]},"meta":{"lastBranch":4,"lastFunction":3,"lastStatement":5,"seen":{"f:9:16:9:29":0,"s:10:32:10:Infinity":0,"s:12:15:16:Infinity":1,"s:18:2:52:Infinity":2,"f:30:18:30:19":1,"s:31:10:42:Infinity":3,"f:33:21:33:27":2,"s:33:27:33:Infinity":4,"b:36:18:36:Infinity:37:18:37:Infinity":0,"b:48:9:48:36:48:36:48:Infinity":1,"b:49:9:49:38:49:38:49:Infinity":2,"b:50:9:50:38:50:38:50:Infinity":3}}}
,"C:\\Users\\pjmar\\OneDrive\\Desktop\\AI POD 2\\ShareSphereBackFront\\ShareSphereFront\\src\\components\\AuthContext.tsx": {"path":"C:\\Users\\pjmar\\OneDrive\\Desktop\\AI POD 2\\ShareSphereBackFront\\ShareSphereFront\\src\\components\\AuthContext.tsx","statementMap":{"0":{"start":{"line":7,"column":2},"end":{"line":12,"column":null}},"1":{"start":{"line":8,"column":4},"end":{"line":8,"column":null}},"2":{"start":{"line":10,"column":4},"end":{"line":10,"column":null}},"3":{"start":{"line":11,"column":4},"end":{"line":11,"column":null}},"4":{"start":{"line":36,"column":6},"end":{"line":36,"column":null}},"5":{"start":{"line":39,"column":22},"end":{"line":39,"column":null}},"6":{"start":{"line":40,"column":32},"end":{"line":40,"column":null}},"7":{"start":{"line":43,"column":2},"end":{"line":73,"column":null}},"8":{"start":{"line":44,"column":10},"end":{"line":44,"column":null}},"9":{"start":{"line":45,"column":4},"end":{"line":71,"column":null}},"10":{"start":{"line":46,"column":6},"end":{"line":70,"column":null}},"11":{"start":{"line":47,"column":24},"end":{"line":47,"column":null}},"12":{"start":{"line":49,"column":8},"end":{"line":66,"column":null}},"13":{"start":{"line":50,"column":24},"end":{"line":52,"column":null}},"14":{"start":{"line":54,"column":33},"end":{"line":63,"column":null}},"15":{"start":{"line":65,"column":10},"end":{"line":65,"column":null}},"16":{"start":{"line":68,"column":8},"end":{"line":68,"column":null}},"17":{"start":{"line":69,"column":8},"end":{"line":69,"column":null}},"18":{"start":{"line":72,"column":4},"end":{"line":72,"column":null}},"19":{"start":{"line":75,"column":16},"end":{"line":103,"column":null}},"20":{"start":{"line":76,"column":18},"end":{"line":76,"column":null}},"21":{"start":{"line":79,"column":20},"end":{"line":79,"column":null}},"22":{"start":{"line":81,"column":4},"end":{"line":83,"column":null}},"23":{"start":{"line":82,"column":6},"end":{"line":82,"column":null}},"24":{"start":{"line":85,"column":18},"end":{"line":87,"column":null}},"25":{"start":{"line":89,"column":27},"end":{"line":98,"column":null}},"26":{"start":{"line":100,"column":4},"end":{"line":100,"column":null}},"27":{"start":{"line":101,"column":4},"end":{"line":101,"column":null}},"28":{"start":{"line":102,"column":4},"end":{"line":102,"column":null}},"29":{"start":{"line":105,"column":19},"end":{"line":132,"column":null}},"30":{"start":{"line":106,"column":18},"end":{"line":106,"column":null}},"31":{"start":{"line":108,"column":20},"end":{"line":108,"column":null}},"32":{"start":{"line":110,"column":4},"end":{"line":112,"column":null}},"33":{"start":{"line":111,"column":6},"end":{"line":111,"column":null}},"34":{"start":{"line":114,"column":18},"end":{"line":116,"column":null}},"35":{"start":{"line":118,"column":27},"end":{"line":127,"column":null}},"36":{"start":{"line":129,"column":4},"end":{"line":129,"column":null}},"37":{"start":{"line":130,"column":4},"end":{"line":130,"column":null}},"38":{"start":{"line":131,"column":4},"end":{"line":131,"column":null}},"39":{"start":{"line":134,"column":17},"end":{"line":138,"column":null}},"40":{"start":{"line":135,"column":4},"end":{"line":135,"column":null}},"41":{"start":{"line":136,"column":4},"end":{"line":136,"column":null}},"42":{"start":{"line":137,"column":4},"end":{"line":137,"column":null}},"43":{"start":{"line":140,"column":2},"end":{"line":152,"column":null}},"44":{"start":{"line":157,"column":8},"end":{"line":157,"column":null}},"45":{"start":{"line":158,"column":2},"end":{"line":160,"column":null}},"46":{"start":{"line":159,"column":4},"end":{"line":159,"column":null}},"47":{"start":{"line":162,"column":1},"end":{"line":162,"column":null}}},"fnMap":{"0":{"name":"decodeJWT","decl":{"start":{"line":6,"column":16},"end":{"line":6,"column":26}},"loc":{"start":{"line":6,"column":47},"end":{"line":13,"column":null}},"line":6},"1":{"name":"AuthProvider","decl":{"start":{"line":38,"column":16},"end":{"line":38,"column":29}},"loc":{"start":{"line":38,"column":69},"end":{"line":154,"column":null}},"line":38},"2":{"name":"(anonymous_2)","decl":{"start":{"line":43,"column":12},"end":{"line":43,"column":18}},"loc":{"start":{"line":43,"column":18},"end":{"line":73,"column":5}},"line":43},"3":{"name":"(anonymous_3)","decl":{"start":{"line":75,"column":16},"end":{"line":75,"column":23}},"loc":{"start":{"line":75,"column":62},"end":{"line":103,"column":null}},"line":75},"4":{"name":"(anonymous_4)","decl":{"start":{"line":105,"column":19},"end":{"line":105,"column":26}},"loc":{"start":{"line":105,"column":101},"end":{"line":132,"column":null}},"line":105},"5":{"name":"(anonymous_5)","decl":{"start":{"line":134,"column":17},"end":{"line":134,"column":23}},"loc":{"start":{"line":134,"column":23},"end":{"line":138,"column":null}},"line":134},"6":{"name":"useAuth","decl":{"start":{"line":156,"column":16},"end":{"line":156,"column":26}},"loc":{"start":{"line":156,"column":26},"end":{"line":163,"column":null}},"line":156}},"branchMap":{"0":{"loc":{"start":{"line":45,"column":4},"end":{"line":71,"column":null}},"type":"if","locations":[{"start":{"line":45,"column":4},"end":{"line":71,"column":null}},{"start":{},"end":{}}],"line":45},"1":{"loc":{"start":{"line":49,"column":8},"end":{"line":66,"column":null}},"type":"if","locations":[{"start":{"line":49,"column":8},"end":{"line":66,"column":null}},{"start":{},"end":{}}],"line":49},"2":{"loc":{"start":{"line":50,"column":24},"end":{"line":52,"column":null}},"type":"cond-expr","locations":[{"start":{"line":51,"column":16},"end":{"line":51,"column":null}},{"start":{"line":52,"column":14},"end":{"line":52,"column":null}}],"line":50},"3":{"loc":{"start":{"line":51,"column":16},"end":{"line":51,"column":null}},"type":"cond-expr","locations":[{"start":{"line":51,"column":46},"end":{"line":51,"column":61}},{"start":{"line":51,"column":61},"end":{"line":51,"column":null}}],"line":51},"4":{"loc":{"start":{"line":56,"column":22},"end":{"line":56,"column":null}},"type":"binary-expr","locations":[{"start":{"line":56,"column":22},"end":{"line":56,"column":45}},{"start":{"line":56,"column":45},"end":{"line":56,"column":63}},{"start":{"line":56,"column":63},"end":{"line":56,"column":null}}],"line":56},"5":{"loc":{"start":{"line":57,"column":25},"end":{"line":57,"column":null}},"type":"binary-expr","locations":[{"start":{"line":57,"column":25},"end":{"line":57,"column":49}},{"start":{"line":57,"column":49},"end":{"line":57,"column":72}},{"start":{"line":57,"column":72},"end":{"line":57,"column":null}}],"line":57},"6":{"loc":{"start":{"line":58,"column":27},"end":{"line":58,"column":null}},"type":"cond-expr","locations":[{"start":{"line":58,"column":52},"end":{"line":58,"column":86}},{"start":{"line":58,"column":86},"end":{"line":58,"column":null}}],"line":58},"7":{"loc":{"start":{"line":81,"column":4},"end":{"line":83,"column":null}},"type":"if","locations":[{"start":{"line":81,"column":4},"end":{"line":83,"column":null}},{"start":{},"end":{}}],"line":81},"8":{"loc":{"start":{"line":85,"column":18},"end":{"line":87,"column":null}},"type":"cond-expr","locations":[{"start":{"line":86,"column":9},"end":{"line":86,"column":null}},{"start":{"line":87,"column":8},"end":{"line":87,"column":null}}],"line":85},"9":{"loc":{"start":{"line":86,"column":9},"end":{"line":86,"column":null}},"type":"cond-expr","locations":[{"start":{"line":86,"column":39},"end":{"line":86,"column":54}},{"start":{"line":86,"column":54},"end":{"line":86,"column":null}}],"line":86},"10":{"loc":{"start":{"line":91,"column":16},"end":{"line":91,"column":null}},"type":"binary-expr","locations":[{"start":{"line":91,"column":16},"end":{"line":91,"column":39}},{"start":{"line":91,"column":39},"end":{"line":91,"column":null}}],"line":91},"11":{"loc":{"start":{"line":92,"column":19},"end":{"line":92,"column":null}},"type":"binary-expr","locations":[{"start":{"line":92,"column":19},"end":{"line":92,"column":42}},{"start":{"line":92,"column":42},"end":{"line":92,"column":null}}],"line":92},"12":{"loc":{"start":{"line":93,"column":21},"end":{"line":93,"column":null}},"type":"cond-expr","locations":[{"start":{"line":93,"column":46},"end":{"line":93,"column":81}},{"start":{"line":93,"column":81},"end":{"line":93,"column":null}}],"line":93},"13":{"loc":{"start":{"line":110,"column":4},"end":{"line":112,"column":null}},"type":"if","locations":[{"start":{"line":110,"column":4},"end":{"line":112,"column":null}},{"start":{},"end":{}}],"line":110},"14":{"loc":{"start":{"line":114,"column":18},"end":{"line":116,"column":null}},"type":"cond-expr","locations":[{"start":{"line":115,"column":9},"end":{"line":115,"column":null}},{"start":{"line":116,"column":8},"end":{"line":116,"column":null}}],"line":114},"15":{"loc":{"start":{"line":115,"column":9},"end":{"line":115,"column":null}},"type":"cond-expr","locations":[{"start":{"line":115,"column":40},"end":{"line":115,"column":55}},{"start":{"line":115,"column":55},"end":{"line":115,"column":null}}],"line":115},"16":{"loc":{"start":{"line":120,"column":16},"end":{"line":120,"column":null}},"type":"binary-expr","locations":[{"start":{"line":120,"column":16},"end":{"line":120,"column":39}},{"start":{"line":120,"column":39},"end":{"line":120,"column":null}}],"line":120},"17":{"loc":{"start":{"line":121,"column":19},"end":{"line":121,"column":null}},"type":"binary-expr","locations":[{"start":{"line":121,"column":19},"end":{"line":121,"column":42}},{"start":{"line":121,"column":42},"end":{"line":121,"column":null}}],"line":121},"18":{"loc":{"start":{"line":122,"column":21},"end":{"line":122,"column":null}},"type":"cond-expr","locations":[{"start":{"line":122,"column":45},"end":{"line":122,"column":79}},{"start":{"line":122,"column":79},"end":{"line":122,"column":null}}],"line":122},"19":{"loc":{"start":{"line":158,"column":2},"end":{"line":160,"column":null}},"type":"if","locations":[{"start":{"line":158,"column":2},"end":{"line":160,"column":null}},{"start":{},"end":{}}],"line":158}},"s":{"0":2,"1":2,"2":0,"3":0,"4":2,"5":10,"6":10,"7":10,"8":4,"9":4,"10":1,"11":1,"12":1,"13":1,"14":1,"15":1,"16":0,"17":0,"18":4,"19":10,"20":1,"21":1,"22":1,"23":0,"24":1,"25":1,"26":1,"27":1,"28":1,"29":10,"30":0,"31":0,"32":0,"33":0,"34":0,"35":0,"36":0,"37":0,"38":0,"39":10,"40":1,"41":1,"42":1,"43":10,"44":14,"45":14,"46":0,"47":14},"f":{"0":2,"1":10,"2":4,"3":1,"4":0,"5":1,"6":14},"b":{"0":[1,3],"1":[1,0],"2":[1,0],"3":[1,0],"4":[1,0,0],"5":[1,0,0],"6":[0,1],"7":[0,1],"8":[1,0],"9":[1,0],"10":[1,0],"11":[1,0],"12":[0,1],"13":[0,0],"14":[0,0],"15":[0,0],"16":[0,0],"17":[0,0],"18":[0,0],"19":[0,14]},"meta":{"lastBranch":20,"lastFunction":7,"lastStatement":48,"seen":{"f:6:16:6:26":0,"s:7:2:12:Infinity":0,"s:8:4:8:Infinity":1,"s:10:4:10:Infinity":2,"s:11:4:11:Infinity":3,"s:36:6:36:Infinity":4,"f:38:16:38:29":1,"s:39:22:39:Infinity":5,"s:40:32:40:Infinity":6,"s:43:2:73:Infinity":7,"f:43:12:43:18":2,"s:44:10:44:Infinity":8,"b:45:4:71:Infinity:undefined:undefined:undefined:undefined":0,"s:45:4:71:Infinity":9,"s:46:6:70:Infinity":10,"s:47:24:47:Infinity":11,"b:49:8:66:Infinity:undefined:undefined:undefined:undefined":1,"s:49:8:66:Infinity":12,"s:50:24:52:Infinity":13,"b:51:16:51:Infinity:52:14:52:Infinity":2,"b:51:46:51:61:51:61:51:Infinity":3,"s:54:33:63:Infinity":14,"b:56:22:56:45:56:45:56:63:56:63:56:Infinity":4,"b:57:25:57:49:57:49:57:72:57:72:57:Infinity":5,"b:58:52:58:86:58:86:58:Infinity":6,"s:65:10:65:Infinity":15,"s:68:8:68:Infinity":16,"s:69:8:69:Infinity":17,"s:72:4:72:Infinity":18,"s:75:16:103:Infinity":19,"f:75:16:75:23":3,"s:76:18:76:Infinity":20,"s:79:20:79:Infinity":21,"b:81:4:83:Infinity:undefined:undefined:undefined:undefined":7,"s:81:4:83:Infinity":22,"s:82:6:82:Infinity":23,"s:85:18:87:Infinity":24,"b:86:9:86:Infinity:87:8:87:Infinity":8,"b:86:39:86:54:86:54:86:Infinity":9,"s:89:27:98:Infinity":25,"b:91:16:91:39:91:39:91:Infinity":10,"b:92:19:92:42:92:42:92:Infinity":11,"b:93:46:93:81:93:81:93:Infinity":12,"s:100:4:100:Infinity":26,"s:101:4:101:Infinity":27,"s:102:4:102:Infinity":28,"s:105:19:132:Infinity":29,"f:105:19:105:26":4,"s:106:18:106:Infinity":30,"s:108:20:108:Infinity":31,"b:110:4:112:Infinity:undefined:undefined:undefined:undefined":13,"s:110:4:112:Infinity":32,"s:111:6:111:Infinity":33,"s:114:18:116:Infinity":34,"b:115:9:115:Infinity:116:8:116:Infinity":14,"b:115:40:115:55:115:55:115:Infinity":15,"s:118:27:127:Infinity":35,"b:120:16:120:39:120:39:120:Infinity":16,"b:121:19:121:42:121:42:121:Infinity":17,"b:122:45:122:79:122:79:122:Infinity":18,"s:129:4:129:Infinity":36,"s:130:4:130:Infinity":37,"s:131:4:131:Infinity":38,"s:134:17:138:Infinity":39,"f:134:17:134:23":5,"s:135:4:135:Infinity":40,"s:136:4:136:Infinity":41,"s:137:4:137:Infinity":42,"s:140:2:152:Infinity":43,"f:156:16:156:26":6,"s:157:8:157:Infinity":44,"b:158:2:160:Infinity:undefined:undefined:undefined:undefined":19,"s:158:2:160:Infinity":45,"s:159:4:159:Infinity":46,"s:162:1:162:Infinity":47}}}
,"C:\\Users\\pjmar\\OneDrive\\Desktop\\AI POD 2\\ShareSphereBackFront\\ShareSphereFront\\src\\components\\CompanyList.tsx": {"path":"C:\\Users\\pjmar\\OneDrive\\Desktop\\AI POD 2\\ShareSphereBackFront\\ShareSphereFront\\src\\components\\CompanyList.tsx","statementMap":{"0":{"start":{"line":16,"column":2},"end":{"line":70,"column":null}},"1":{"start":{"line":31,"column":14},"end":{"line":65,"column":null}},"2":{"start":{"line":34,"column":31},"end":{"line":34,"column":null}},"3":{"start":{"line":38,"column":18},"end":{"line":41,"column":null}},"4":{"start":{"line":39,"column":20},"end":{"line":39,"column":null}},"5":{"start":{"line":40,"column":20},"end":{"line":40,"column":null}}},"fnMap":{"0":{"name":"CompanyList","decl":{"start":{"line":15,"column":16},"end":{"line":15,"column":28}},"loc":{"start":{"line":15,"column":71},"end":{"line":72,"column":null}},"line":15},"1":{"name":"(anonymous_1)","decl":{"start":{"line":30,"column":27},"end":{"line":30,"column":28}},"loc":{"start":{"line":31,"column":14},"end":{"line":65,"column":null}},"line":31},"2":{"name":"(anonymous_2)","decl":{"start":{"line":34,"column":25},"end":{"line":34,"column":31}},"loc":{"start":{"line":34,"column":31},"end":{"line":34,"column":null}},"line":34},"3":{"name":"(anonymous_3)","decl":{"start":{"line":37,"column":27},"end":{"line":37,"column":28}},"loc":{"start":{"line":37,"column":34},"end":{"line":42,"column":null}},"line":37}},"branchMap":{"0":{"loc":{"start":{"line":38,"column":18},"end":{"line":41,"column":null}},"type":"if","locations":[{"start":{"line":38,"column":18},"end":{"line":41,"column":null}},{"start":{},"end":{}}],"line":38},"1":{"loc":{"start":{"line":38,"column":22},"end":{"line":38,"column":58}},"type":"binary-expr","locations":[{"start":{"line":38,"column":22},"end":{"line":38,"column":43}},{"start":{"line":38,"column":43},"end":{"line":38,"column":58}}],"line":38}},"s":{"0":5,"1":7,"2":1,"3":3,"4":3,"5":3},"f":{"0":5,"1":7,"2":1,"3":3},"b":{"0":[3,0],"1":[3,1]},"meta":{"lastBranch":2,"lastFunction":4,"lastStatement":6,"seen":{"f:15:16:15:28":0,"s:16:2:70:Infinity":0,"f:30:27:30:28":1,"s:31:14:65:Infinity":1,"f:34:25:34:31":2,"s:34:31:34:Infinity":2,"f:37:27:37:28":3,"b:38:18:41:Infinity:undefined:undefined:undefined:undefined":0,"s:38:18:41:Infinity":3,"b:38:22:38:43:38:43:38:58":1,"s:39:20:39:Infinity":4,"s:40:20:40:Infinity":5}}}
,"C:\\Users\\pjmar\\OneDrive\\Desktop\\AI POD 2\\ShareSphereBackFront\\ShareSphereFront\\src\\components\\ConfirmDialog.tsx": {"path":"C:\\Users\\pjmar\\OneDrive\\Desktop\\AI POD 2\\ShareSphereBackFront\\ShareSphereFront\\src\\components\\ConfirmDialog.tsx","statementMap":{"0":{"start":{"line":23,"column":2},"end":{"line":57,"column":null}}},"fnMap":{"0":{"name":"ConfirmDialog","decl":{"start":{"line":14,"column":16},"end":{"line":14,"column":30}},"loc":{"start":{"line":22,"column":23},"end":{"line":59,"column":null}},"line":22}},"branchMap":{"0":{"loc":{"start":{"line":21,"column":2},"end":{"line":21,"column":null}},"type":"default-arg","locations":[{"start":{"line":21,"column":12},"end":{"line":21,"column":null}}],"line":21},"1":{"loc":{"start":{"line":27,"column":11},"end":{"line":30,"column":null}},"type":"binary-expr","locations":[{"start":{"line":27,"column":11},"end":{"line":27,"column":null}},{"start":{"line":28,"column":12},"end":{"line":30,"column":null}}],"line":27},"2":{"loc":{"start":{"line":48,"column":14},"end":{"line":50,"column":null}},"type":"cond-expr","locations":[{"start":{"line":49,"column":18},"end":{"line":49,"column":null}},{"start":{"line":50,"column":18},"end":{"line":50,"column":null}}],"line":48}},"s":{"0":4},"f":{"0":4},"b":{"0":[4],"1":[4,1],"2":[1,3]},"meta":{"lastBranch":3,"lastFunction":1,"lastStatement":1,"seen":{"f:14:16:14:30":0,"b:21:12:21:Infinity":0,"s:23:2:57:Infinity":0,"b:27:11:27:Infinity:28:12:30:Infinity":1,"b:49:18:49:Infinity:50:18:50:Infinity":2}}}
,"C:\\Users\\pjmar\\OneDrive\\Desktop\\AI POD 2\\ShareSphereBackFront\\ShareSphereFront\\src\\components\\Dashboard.tsx": {"path":"C:\\Users\\pjmar\\OneDrive\\Desktop\\AI POD 2\\ShareSphereBackFront\\ShareSphereFront\\src\\components\\Dashboard.tsx","statementMap":{"0":{"start":{"line":19,"column":28},"end":{"line":19,"column":null}},"1":{"start":{"line":20,"column":32},"end":{"line":20,"column":null}},"2":{"start":{"line":21,"column":46},"end":{"line":21,"column":null}},"3":{"start":{"line":22,"column":44},"end":{"line":22,"column":null}},"4":{"start":{"line":23,"column":32},"end":{"line":23,"column":null}},"5":{"start":{"line":24,"column":26},"end":{"line":24,"column":null}},"6":{"start":{"line":25,"column":46},"end":{"line":25,"column":null}},"7":{"start":{"line":26,"column":40},"end":{"line":26,"column":null}},"8":{"start":{"line":30,"column":0},"end":{"line":45,"column":null}},"9":{"start":{"line":31,"column":25},"end":{"line":42,"column":null}},"10":{"start":{"line":32,"column":4},"end":{"line":41,"column":null}},"11":{"start":{"line":33,"column":6},"end":{"line":33,"column":null}},"12":{"start":{"line":34,"column":19},"end":{"line":34,"column":null}},"13":{"start":{"line":35,"column":6},"end":{"line":35,"column":null}},"14":{"start":{"line":37,"column":6},"end":{"line":37,"column":null}},"15":{"start":{"line":38,"column":6},"end":{"line":38,"column":null}},"16":{"start":{"line":40,"column":6},"end":{"line":40,"column":null}},"17":{"start":{"line":44,"column":2},"end":{"line":44,"column":null}},"18":{"start":{"line":47,"column":0},"end":{"line":65,"column":null}},"19":{"start":{"line":48,"column":2},"end":{"line":48,"column":null}},"20":{"start":{"line":48,"column":24},"end":{"line":48,"column":null}},"21":{"start":{"line":50,"column":21},"end":{"line":59,"column":null}},"22":{"start":{"line":51,"column":4},"end":{"line":58,"column":null}},"23":{"start":{"line":52,"column":19},"end":{"line":54,"column":null}},"24":{"start":{"line":55,"column":6},"end":{"line":55,"column":null}},"25":{"start":{"line":57,"column":6},"end":{"line":57,"column":null}},"26":{"start":{"line":61,"column":2},"end":{"line":61,"column":null}},"27":{"start":{"line":62,"column":19},"end":{"line":62,"column":null}},"28":{"start":{"line":64,"column":2},"end":{"line":64,"column":null}},"29":{"start":{"line":64,"column":15},"end":{"line":64,"column":null}},"30":{"start":{"line":68,"column":29},"end":{"line":87,"column":null}},"31":{"start":{"line":69,"column":2},"end":{"line":86,"column":null}},"32":{"start":{"line":70,"column":4},"end":{"line":70,"column":null}},"33":{"start":{"line":71,"column":4},"end":{"line":71,"column":null}},"34":{"start":{"line":72,"column":4},"end":{"line":72,"column":null}},"35":{"start":{"line":73,"column":4},"end":{"line":73,"column":null}},"36":{"start":{"line":74,"column":4},"end":{"line":74,"column":null}},"37":{"start":{"line":76,"column":25},"end":{"line":78,"column":null}},"38":{"start":{"line":80,"column":4},"end":{"line":80,"column":null}},"39":{"start":{"line":82,"column":4},"end":{"line":82,"column":null}},"40":{"start":{"line":83,"column":4},"end":{"line":83,"column":null}},"41":{"start":{"line":85,"column":4},"end":{"line":85,"column":null}},"42":{"start":{"line":89,"column":28},"end":{"line":106,"column":null}},"43":{"start":{"line":90,"column":2},"end":{"line":105,"column":null}},"44":{"start":{"line":91,"column":4},"end":{"line":91,"column":null}},"45":{"start":{"line":92,"column":4},"end":{"line":92,"column":null}},"46":{"start":{"line":93,"column":4},"end":{"line":93,"column":null}},"47":{"start":{"line":95,"column":19},"end":{"line":97,"column":null}},"48":{"start":{"line":99,"column":4},"end":{"line":99,"column":null}},"49":{"start":{"line":101,"column":4},"end":{"line":101,"column":null}},"50":{"start":{"line":102,"column":4},"end":{"line":102,"column":null}},"51":{"start":{"line":104,"column":4},"end":{"line":104,"column":null}},"52":{"start":{"line":108,"column":32},"end":{"line":113,"column":null}},"53":{"start":{"line":109,"column":4},"end":{"line":109,"column":null}},"54":{"start":{"line":110,"column":4},"end":{"line":110,"column":null}},"55":{"start":{"line":111,"column":4},"end":{"line":111,"column":null}},"56":{"start":{"line":112,"column":4},"end":{"line":112,"column":null}},"57":{"start":{"line":115,"column":32},"end":{"line":118,"column":null}},"58":{"start":{"line":116,"column":4},"end":{"line":116,"column":null}},"59":{"start":{"line":117,"column":4},"end":{"line":117,"column":null}},"60":{"start":{"line":120,"column":2},"end":{"line":129,"column":null}},"61":{"start":{"line":121,"column":4},"end":{"line":127,"column":null}},"62":{"start":{"line":131,"column":2},"end":{"line":254,"column":null}},"63":{"start":{"line":177,"column":16},"end":{"line":181,"column":null}},"64":{"start":{"line":180,"column":34},"end":{"line":180,"column":null}}},"fnMap":{"0":{"name":"Dashboard","decl":{"start":{"line":18,"column":16},"end":{"line":18,"column":28}},"loc":{"start":{"line":18,"column":28},"end":{"line":256,"column":null}},"line":18},"1":{"name":"(anonymous_1)","decl":{"start":{"line":30,"column":10},"end":{"line":30,"column":16}},"loc":{"start":{"line":30,"column":16},"end":{"line":45,"column":3}},"line":30},"2":{"name":"(anonymous_2)","decl":{"start":{"line":31,"column":25},"end":{"line":31,"column":37}},"loc":{"start":{"line":31,"column":37},"end":{"line":42,"column":null}},"line":31},"3":{"name":"(anonymous_3)","decl":{"start":{"line":47,"column":10},"end":{"line":47,"column":16}},"loc":{"start":{"line":47,"column":16},"end":{"line":65,"column":3}},"line":47},"4":{"name":"(anonymous_4)","decl":{"start":{"line":50,"column":21},"end":{"line":50,"column":33}},"loc":{"start":{"line":50,"column":33},"end":{"line":59,"column":null}},"line":50},"5":{"name":"(anonymous_5)","decl":{"start":{"line":64,"column":9},"end":{"line":64,"column":15}},"loc":{"start":{"line":64,"column":15},"end":{"line":64,"column":null}},"line":64},"6":{"name":"(anonymous_6)","decl":{"start":{"line":68,"column":29},"end":{"line":68,"column":36}},"loc":{"start":{"line":68,"column":54},"end":{"line":87,"column":null}},"line":68},"7":{"name":"(anonymous_7)","decl":{"start":{"line":89,"column":28},"end":{"line":89,"column":35}},"loc":{"start":{"line":89,"column":52},"end":{"line":106,"column":null}},"line":89},"8":{"name":"(anonymous_8)","decl":{"start":{"line":108,"column":32},"end":{"line":108,"column":38}},"loc":{"start":{"line":108,"column":38},"end":{"line":113,"column":null}},"line":108},"9":{"name":"(anonymous_9)","decl":{"start":{"line":115,"column":32},"end":{"line":115,"column":38}},"loc":{"start":{"line":115,"column":38},"end":{"line":118,"column":null}},"line":115},"10":{"name":"(anonymous_10)","decl":{"start":{"line":176,"column":29},"end":{"line":176,"column":null}},"loc":{"start":{"line":177,"column":16},"end":{"line":181,"column":null}},"line":177},"11":{"name":"(anonymous_11)","decl":{"start":{"line":180,"column":28},"end":{"line":180,"column":34}},"loc":{"start":{"line":180,"column":34},"end":{"line":180,"column":null}},"line":180}},"branchMap":{"0":{"loc":{"start":{"line":48,"column":2},"end":{"line":48,"column":null}},"type":"if","locations":[{"start":{"line":48,"column":2},"end":{"line":48,"column":null}},{"start":{},"end":{}}],"line":48},"1":{"loc":{"start":{"line":120,"column":2},"end":{"line":129,"column":null}},"type":"if","locations":[{"start":{"line":120,"column":2},"end":{"line":129,"column":null}},{"start":{},"end":{}}],"line":120},"2":{"loc":{"start":{"line":141,"column":9},"end":{"line":150,"column":null}},"type":"binary-expr","locations":[{"start":{"line":141,"column":9},"end":{"line":141,"column":null}},{"start":{"line":142,"column":10},"end":{"line":150,"column":null}}],"line":141},"3":{"loc":{"start":{"line":152,"column":9},"end":{"line":156,"column":null}},"type":"binary-expr","locations":[{"start":{"line":152,"column":9},"end":{"line":152,"column":null}},{"start":{"line":153,"column":10},"end":{"line":156,"column":null}}],"line":152},"4":{"loc":{"start":{"line":161,"column":7},"end":{"line":185,"column":null}},"type":"binary-expr","locations":[{"start":{"line":161,"column":7},"end":{"line":161,"column":null}},{"start":{"line":162,"column":8},"end":{"line":185,"column":null}}],"line":161},"5":{"loc":{"start":{"line":168,"column":11},"end":{"line":183,"column":null}},"type":"cond-expr","locations":[{"start":{"line":169,"column":12},"end":{"line":173,"column":null}},{"start":{"line":175,"column":12},"end":{"line":183,"column":null}}],"line":168},"6":{"loc":{"start":{"line":189,"column":7},"end":{"line":216,"column":null}},"type":"binary-expr","locations":[{"start":{"line":189,"column":7},"end":{"line":189,"column":27}},{"start":{"line":189,"column":27},"end":{"line":189,"column":null}},{"start":{"line":190,"column":8},"end":{"line":216,"column":null}}],"line":189},"7":{"loc":{"start":{"line":196,"column":11},"end":{"line":214,"column":null}},"type":"cond-expr","locations":[{"start":{"line":197,"column":12},"end":{"line":202,"column":null}},{"start":{"line":203,"column":14},"end":{"line":214,"column":null}}],"line":196},"8":{"loc":{"start":{"line":203,"column":14},"end":{"line":214,"column":null}},"type":"cond-expr","locations":[{"start":{"line":204,"column":12},"end":{"line":212,"column":null}},{"start":{"line":214,"column":12},"end":{"line":214,"column":null}}],"line":203},"9":{"loc":{"start":{"line":220,"column":7},"end":{"line":252,"column":null}},"type":"binary-expr","locations":[{"start":{"line":220,"column":7},"end":{"line":220,"column":null}},{"start":{"line":221,"column":8},"end":{"line":252,"column":null}}],"line":220},"10":{"loc":{"start":{"line":232,"column":11},"end":{"line":250,"column":null}},"type":"cond-expr","locations":[{"start":{"line":233,"column":12},"end":{"line":238,"column":null}},{"start":{"line":239,"column":14},"end":{"line":250,"column":null}}],"line":232},"11":{"loc":{"start":{"line":239,"column":14},"end":{"line":250,"column":null}},"type":"cond-expr","locations":[{"start":{"line":240,"column":12},"end":{"line":248,"column":null}},{"start":{"line":250,"column":12},"end":{"line":250,"column":null}}],"line":239}},"s":{"0":39,"1":39,"2":39,"3":39,"4":39,"5":39,"6":39,"7":39,"8":39,"9":8,"10":8,"11":8,"12":8,"13":7,"14":1,"15":1,"16":8,"17":8,"18":39,"19":14,"20":10,"21":4,"22":4,"23":4,"24":3,"25":1,"26":4,"27":4,"28":4,"29":4,"30":39,"31":6,"32":6,"33":6,"34":6,"35":6,"36":6,"37":6,"38":6,"39":0,"40":0,"41":6,"42":39,"43":4,"44":4,"45":4,"46":4,"47":4,"48":3,"49":1,"50":1,"51":4,"52":39,"53":1,"54":1,"55":1,"56":1,"57":39,"58":2,"59":2,"60":39,"61":8,"62":31,"63":16,"64":6},"f":{"0":39,"1":8,"2":8,"3":14,"4":4,"5":4,"6":6,"7":4,"8":1,"9":2,"10":16,"11":6},"b":{"0":[10,4],"1":[8,31],"2":[31,22],"3":[39,8],"4":[39,9],"5":[1,8],"6":[39,22,14],"7":[6,8],"8":[1,7],"9":[39,8],"10":[4,4],"11":[2,2]},"meta":{"lastBranch":12,"lastFunction":12,"lastStatement":65,"seen":{"f:18:16:18:28":0,"s:19:28:19:Infinity":0,"s:20:32:20:Infinity":1,"s:21:46:21:Infinity":2,"s:22:44:22:Infinity":3,"s:23:32:23:Infinity":4,"s:24:26:24:Infinity":5,"s:25:46:25:Infinity":6,"s:26:40:26:Infinity":7,"s:30:0:45:Infinity":8,"f:30:10:30:16":1,"s:31:25:42:Infinity":9,"f:31:25:31:37":2,"s:32:4:41:Infinity":10,"s:33:6:33:Infinity":11,"s:34:19:34:Infinity":12,"s:35:6:35:Infinity":13,"s:37:6:37:Infinity":14,"s:38:6:38:Infinity":15,"s:40:6:40:Infinity":16,"s:44:2:44:Infinity":17,"s:47:0:65:Infinity":18,"f:47:10:47:16":3,"b:48:2:48:Infinity:undefined:undefined:undefined:undefined":0,"s:48:2:48:Infinity":19,"s:48:24:48:Infinity":20,"s:50:21:59:Infinity":21,"f:50:21:50:33":4,"s:51:4:58:Infinity":22,"s:52:19:54:Infinity":23,"s:55:6:55:Infinity":24,"s:57:6:57:Infinity":25,"s:61:2:61:Infinity":26,"s:62:19:62:Infinity":27,"s:64:2:64:Infinity":28,"f:64:9:64:15":5,"s:64:15:64:Infinity":29,"s:68:29:87:Infinity":30,"f:68:29:68:36":6,"s:69:2:86:Infinity":31,"s:70:4:70:Infinity":32,"s:71:4:71:Infinity":33,"s:72:4:72:Infinity":34,"s:73:4:73:Infinity":35,"s:74:4:74:Infinity":36,"s:76:25:78:Infinity":37,"s:80:4:80:Infinity":38,"s:82:4:82:Infinity":39,"s:83:4:83:Infinity":40,"s:85:4:85:Infinity":41,"s:89:28:106:Infinity":42,"f:89:28:89:35":7,"s:90:2:105:Infinity":43,"s:91:4:91:Infinity":44,"s:92:4:92:Infinity":45,"s:93:4:93:Infinity":46,"s:95:19:97:Infinity":47,"s:99:4:99:Infinity":48,"s:101:4:101:Infinity":49,"s:102:4:102:Infinity":50,"s:104:4:104:Infinity":51,"s:108:32:113:Infinity":52,"f:108:32:108:38":8,"s:109:4:109:Infinity":53,"s:110:4:110:Infinity":54,"s:111:4:111:Infinity":55,"s:112:4:112:Infinity":56,"s:115:32:118:Infinity":57,"f:115:32:115:38":9,"s:116:4:116:Infinity":58,"s:117:4:117:Infinity":59,"b:120:2:129:Infinity:undefined:undefined:undefined:undefined":1,"s:120:2:129:Infinity":60,"s:121:4:127:Infinity":61,"s:131:2:254:Infinity":62,"b:141:9:141:Infinity:142:10:150:Infinity":2,"b:152:9:152:Infinity:153:10:156:Infinity":3,"b:161:7:161:Infinity:162:8:185:Infinity":4,"b:169:12:173:Infinity:175:12:183:Infinity":5,"f:176:29:176:Infinity":10,"s:177:16:181:Infinity":63,"f:180:28:180:34":11,"s:180:34:180:Infinity":64,"b:189:7:189:27:189:27:189:Infinity:190:8:216:Infinity":6,"b:197:12:202:Infinity:203:14:214:Infinity":7,"b:204:12:212:Infinity:214:12:214:Infinity":8,"b:220:7:220:Infinity:221:8:252:Infinity":9,"b:233:12:238:Infinity:239:14:250:Infinity":10,"b:240:12:248:Infinity:250:12:250:Infinity":11}}}
,"C:\\Users\\pjmar\\OneDrive\\Desktop\\AI POD 2\\ShareSphereBackFront\\ShareSphereFront\\src\\components\\EmptyState.tsx": {"path":"C:\\Users\\pjmar\\OneDrive\\Desktop\\AI POD 2\\ShareSphereBackFront\\ShareSphereFront\\src\\components\\EmptyState.tsx","statementMap":{"0":{"start":{"line":15,"column":2},"end":{"line":32,"column":null}}},"fnMap":{"0":{"name":"EmptyState","decl":{"start":{"line":14,"column":16},"end":{"line":14,"column":27}},"loc":{"start":{"line":14,"column":88},"end":{"line":34,"column":null}},"line":14}},"branchMap":{"0":{"loc":{"start":{"line":24,"column":7},"end":{"line":30,"column":null}},"type":"binary-expr","locations":[{"start":{"line":24,"column":7},"end":{"line":24,"column":null}},{"start":{"line":25,"column":8},"end":{"line":30,"column":null}}],"line":24}},"s":{"0":5},"f":{"0":5},"b":{"0":[5,4]},"meta":{"lastBranch":1,"lastFunction":1,"lastStatement":1,"seen":{"f:14:16:14:27":0,"s:15:2:32:Infinity":0,"b:24:7:24:Infinity:25:8:30:Infinity":0}}}
,"C:\\Users\\pjmar\\OneDrive\\Desktop\\AI POD 2\\ShareSphereBackFront\\ShareSphereFront\\src\\components\\ExchangeCard.tsx": {"path":"C:\\Users\\pjmar\\OneDrive\\Desktop\\AI POD 2\\ShareSphereBackFront\\ShareSphereFront\\src\\components\\ExchangeCard.tsx","statementMap":{"0":{"start":{"line":16,"column":2},"end":{"line":40,"column":null}}},"fnMap":{"0":{"name":"ExchangeCard","decl":{"start":{"line":15,"column":16},"end":{"line":15,"column":29}},"loc":{"start":{"line":15,"column":72},"end":{"line":42,"column":null}},"line":15}},"branchMap":{},"s":{"0":4},"f":{"0":4},"b":{},"meta":{"lastBranch":0,"lastFunction":1,"lastStatement":1,"seen":{"f:15:16:15:29":0,"s:16:2:40:Infinity":0}}}
,"C:\\Users\\pjmar\\OneDrive\\Desktop\\AI POD 2\\ShareSphereBackFront\\ShareSphereFront\\src\\components\\HoldingsTable.tsx": {"path":"C:\\Users\\pjmar\\OneDrive\\Desktop\\AI POD 2\\ShareSphereBackFront\\ShareSphereFront\\src\\components\\HoldingsTable.tsx","statementMap":{"0":{"start":{"line":19,"column":25},"end":{"line":24,"column":null}},"1":{"start":{"line":20,"column":4},"end":{"line":23,"column":null}},"2":{"start":{"line":26,"column":28},"end":{"line":33,"column":null}},"3":{"start":{"line":27,"column":26},"end":{"line":27,"column":null}},"4":{"start":{"line":28,"column":25},"end":{"line":28,"column":null}},"5":{"start":{"line":29,"column":23},"end":{"line":29,"column":null}},"6":{"start":{"line":30,"column":24},"end":{"line":30,"column":null}},"7":{"start":{"line":32,"column":4},"end":{"line":32,"column":null}},"8":{"start":{"line":35,"column":2},"end":{"line":73,"column":null}},"9":{"start":{"line":49,"column":49},"end":{"line":53,"column":null}},"10":{"start":{"line":54,"column":29},"end":{"line":54,"column":null}},"11":{"start":{"line":56,"column":14},"end":{"line":67,"column":null}}},"fnMap":{"0":{"name":"HoldingsTable","decl":{"start":{"line":18,"column":16},"end":{"line":18,"column":30}},"loc":{"start":{"line":18,"column":69},"end":{"line":75,"column":null}},"line":18},"1":{"name":"(anonymous_1)","decl":{"start":{"line":19,"column":25},"end":{"line":19,"column":26}},"loc":{"start":{"line":19,"column":44},"end":{"line":24,"column":null}},"line":19},"2":{"name":"(anonymous_2)","decl":{"start":{"line":26,"column":28},"end":{"line":26,"column":29}},"loc":{"start":{"line":26,"column":95},"end":{"line":33,"column":null}},"line":26},"3":{"name":"(anonymous_3)","decl":{"start":{"line":48,"column":26},"end":{"line":48,"column":27}},"loc":{"start":{"line":48,"column":39},"end":{"line":69,"column":13}},"line":48}},"branchMap":{"0":{"loc":{"start":{"line":18,"column":32},"end":{"line":18,"column":46}},"type":"default-arg","locations":[{"start":{"line":18,"column":43},"end":{"line":18,"column":46}}],"line":18}},"s":{"0":5,"1":14,"2":5,"3":7,"4":7,"5":7,"6":7,"7":7,"8":5,"9":7,"10":7,"11":7},"f":{"0":5,"1":14,"2":7,"3":7},"b":{"0":[5]},"meta":{"lastBranch":1,"lastFunction":4,"lastStatement":12,"seen":{"f:18:16:18:30":0,"b:18:43:18:46":0,"s:19:25:24:Infinity":0,"f:19:25:19:26":1,"s:20:4:23:Infinity":1,"s:26:28:33:Infinity":2,"f:26:28:26:29":2,"s:27:26:27:Infinity":3,"s:28:25:28:Infinity":4,"s:29:23:29:Infinity":5,"s:30:24:30:Infinity":6,"s:32:4:32:Infinity":7,"s:35:2:73:Infinity":8,"f:48:26:48:27":3,"s:49:49:53:Infinity":9,"s:54:29:54:Infinity":10,"s:56:14:67:Infinity":11}}}
,"C:\\Users\\pjmar\\OneDrive\\Desktop\\AI POD 2\\ShareSphereBackFront\\ShareSphereFront\\src\\components\\Login.tsx": {"path":"C:\\Users\\pjmar\\OneDrive\\Desktop\\AI POD 2\\ShareSphereBackFront\\ShareSphereFront\\src\\components\\Login.tsx","statementMap":{"0":{"start":{"line":8,"column":30},"end":{"line":8,"column":null}},"1":{"start":{"line":9,"column":30},"end":{"line":9,"column":null}},"2":{"start":{"line":10,"column":32},"end":{"line":10,"column":null}},"3":{"start":{"line":11,"column":22},"end":{"line":11,"column":null}},"4":{"start":{"line":12,"column":8},"end":{"line":12,"column":null}},"5":{"start":{"line":14,"column":23},"end":{"line":41,"column":null}},"6":{"start":{"line":15,"column":4},"end":{"line":15,"column":null}},"7":{"start":{"line":16,"column":4},"end":{"line":16,"column":null}},"8":{"start":{"line":18,"column":4},"end":{"line":40,"column":null}},"9":{"start":{"line":19,"column":6},"end":{"line":19,"column":null}},"10":{"start":{"line":20,"column":6},"end":{"line":20,"column":null}},"11":{"start":{"line":25,"column":6},"end":{"line":34,"column":null}},"12":{"start":{"line":27,"column":28},"end":{"line":27,"column":null}},"13":{"start":{"line":29,"column":8},"end":{"line":33,"column":null}},"14":{"start":{"line":30,"column":10},"end":{"line":30,"column":null}},"15":{"start":{"line":32,"column":10},"end":{"line":32,"column":null}},"16":{"start":{"line":37,"column":6},"end":{"line":37,"column":null}},"17":{"start":{"line":39,"column":6},"end":{"line":39,"column":null}},"18":{"start":{"line":43,"column":2},"end":{"line":93,"column":null}},"19":{"start":{"line":56,"column":29},"end":{"line":56,"column":null}},"20":{"start":{"line":64,"column":29},"end":{"line":64,"column":null}}},"fnMap":{"0":{"name":"Login","decl":{"start":{"line":7,"column":16},"end":{"line":7,"column":24}},"loc":{"start":{"line":7,"column":24},"end":{"line":95,"column":null}},"line":7},"1":{"name":"(anonymous_1)","decl":{"start":{"line":14,"column":23},"end":{"line":14,"column":30}},"loc":{"start":{"line":14,"column":54},"end":{"line":41,"column":null}},"line":14},"2":{"name":"(anonymous_2)","decl":{"start":{"line":25,"column":17},"end":{"line":25,"column":23}},"loc":{"start":{"line":25,"column":23},"end":{"line":34,"column":9}},"line":25},"3":{"name":"(anonymous_3)","decl":{"start":{"line":56,"column":22},"end":{"line":56,"column":23}},"loc":{"start":{"line":56,"column":29},"end":{"line":56,"column":null}},"line":56},"4":{"name":"(anonymous_4)","decl":{"start":{"line":64,"column":22},"end":{"line":64,"column":23}},"loc":{"start":{"line":64,"column":29},"end":{"line":64,"column":null}},"line":64}},"branchMap":{"0":{"loc":{"start":{"line":27,"column":39},"end":{"line":27,"column":75}},"type":"binary-expr","locations":[{"start":{"line":27,"column":39},"end":{"line":27,"column":71}},{"start":{"line":27,"column":71},"end":{"line":27,"column":75}}],"line":27},"1":{"loc":{"start":{"line":29,"column":8},"end":{"line":33,"column":null}},"type":"if","locations":[{"start":{"line":29,"column":8},"end":{"line":33,"column":null}},{"start":{"line":31,"column":15},"end":{"line":33,"column":null}}],"line":29},"2":{"loc":{"start":{"line":37,"column":18},"end":{"line":37,"column":49}},"type":"binary-expr","locations":[{"start":{"line":37,"column":18},"end":{"line":37,"column":35}},{"start":{"line":37,"column":35},"end":{"line":37,"column":49}}],"line":37},"3":{"loc":{"start":{"line":73,"column":13},"end":{"line":79,"column":null}},"type":"cond-expr","locations":[{"start":{"line":74,"column":14},"end":{"line":77,"column":null}},{"start":{"line":79,"column":14},"end":{"line":79,"column":null}}],"line":73}},"s":{"0":27,"1":27,"2":27,"3":27,"4":27,"5":27,"6":2,"7":2,"8":2,"9":2,"10":1,"11":1,"12":1,"13":1,"14":1,"15":0,"16":1,"17":2,"18":27,"19":12,"20":7},"f":{"0":27,"1":2,"2":1,"3":12,"4":7},"b":{"0":[1,0],"1":[1,0],"2":[1,0],"3":[2,25]},"meta":{"lastBranch":4,"lastFunction":5,"lastStatement":21,"seen":{"f:7:16:7:24":0,"s:8:30:8:Infinity":0,"s:9:30:9:Infinity":1,"s:10:32:10:Infinity":2,"s:11:22:11:Infinity":3,"s:12:8:12:Infinity":4,"s:14:23:41:Infinity":5,"f:14:23:14:30":1,"s:15:4:15:Infinity":6,"s:16:4:16:Infinity":7,"s:18:4:40:Infinity":8,"s:19:6:19:Infinity":9,"s:20:6:20:Infinity":10,"s:25:6:34:Infinity":11,"f:25:17:25:23":2,"s:27:28:27:Infinity":12,"b:27:39:27:71:27:71:27:75":0,"b:29:8:33:Infinity:31:15:33:Infinity":1,"s:29:8:33:Infinity":13,"s:30:10:30:Infinity":14,"s:32:10:32:Infinity":15,"s:37:6:37:Infinity":16,"b:37:18:37:35:37:35:37:49":2,"s:39:6:39:Infinity":17,"s:43:2:93:Infinity":18,"f:56:22:56:23":3,"s:56:29:56:Infinity":19,"f:64:22:64:23":4,"s:64:29:64:Infinity":20,"b:74:14:77:Infinity:79:14:79:Infinity":3}}}
,"C:\\Users\\pjmar\\OneDrive\\Desktop\\AI POD 2\\ShareSphereBackFront\\ShareSphereFront\\src\\components\\Navigation.tsx": {"path":"C:\\Users\\pjmar\\OneDrive\\Desktop\\AI POD 2\\ShareSphereBackFront\\ShareSphereFront\\src\\components\\Navigation.tsx","statementMap":{"0":{"start":{"line":11,"column":8},"end":{"line":11,"column":null}},"1":{"start":{"line":13,"column":19},"end":{"line":15,"column":null}},"2":{"start":{"line":14,"column":4},"end":{"line":14,"column":null}},"3":{"start":{"line":18,"column":20},"end":{"line":22,"column":null}},"4":{"start":{"line":25,"column":21},"end":{"line":27,"column":null}},"5":{"start":{"line":30,"column":21},"end":{"line":33,"column":null}},"6":{"start":{"line":36,"column":19},"end":{"line":38,"column":null}},"7":{"start":{"line":40,"column":2},"end":{"line":83,"column":null}},"8":{"start":{"line":53,"column":16},"end":{"line":66,"column":null}}},"fnMap":{"0":{"name":"Navigation","decl":{"start":{"line":10,"column":16},"end":{"line":10,"column":27}},"loc":{"start":{"line":10,"column":68},"end":{"line":85,"column":null}},"line":10},"1":{"name":"(anonymous_1)","decl":{"start":{"line":13,"column":19},"end":{"line":13,"column":20}},"loc":{"start":{"line":13,"column":37},"end":{"line":15,"column":null}},"line":13},"2":{"name":"(anonymous_2)","decl":{"start":{"line":52,"column":28},"end":{"line":52,"column":29}},"loc":{"start":{"line":53,"column":16},"end":{"line":66,"column":null}},"line":53}},"branchMap":{"0":{"loc":{"start":{"line":18,"column":20},"end":{"line":22,"column":null}},"type":"cond-expr","locations":[{"start":{"line":18,"column":43},"end":{"line":22,"column":6}},{"start":{"line":22,"column":6},"end":{"line":22,"column":null}}],"line":18},"1":{"loc":{"start":{"line":25,"column":21},"end":{"line":27,"column":null}},"type":"cond-expr","locations":[{"start":{"line":25,"column":44},"end":{"line":27,"column":6}},{"start":{"line":27,"column":6},"end":{"line":27,"column":null}}],"line":25},"2":{"loc":{"start":{"line":36,"column":19},"end":{"line":38,"column":null}},"type":"cond-expr","locations":[{"start":{"line":37,"column":6},"end":{"line":37,"column":null}},{"start":{"line":38,"column":6},"end":{"line":38,"column":null}}],"line":36},"3":{"loc":{"start":{"line":58,"column":22},"end":{"line":60,"column":null}},"type":"cond-expr","locations":[{"start":{"line":59,"column":24},"end":{"line":59,"column":null}},{"start":{"line":60,"column":25},"end":{"line":60,"column":null}}],"line":58},"4":{"loc":{"start":{"line":71,"column":13},"end":{"line":78,"column":null}},"type":"binary-expr","locations":[{"start":{"line":71,"column":13},"end":{"line":71,"column":25}},{"start":{"line":71,"column":25},"end":{"line":71,"column":null}},{"start":{"line":72,"column":14},"end":{"line":78,"column":null}}],"line":71}},"s":{"0":8,"1":8,"2":18,"3":8,"4":8,"5":8,"6":8,"7":8,"8":18},"f":{"0":8,"1":18,"2":18},"b":{"0":[3,5],"1":[1,7],"2":[4,4],"3":[5,13],"4":[8,4,1]},"meta":{"lastBranch":5,"lastFunction":3,"lastStatement":9,"seen":{"f:10:16:10:27":0,"s:11:8:11:Infinity":0,"s:13:19:15:Infinity":1,"f:13:19:13:20":1,"s:14:4:14:Infinity":2,"s:18:20:22:Infinity":3,"b:18:43:22:6:22:6:22:Infinity":0,"s:25:21:27:Infinity":4,"b:25:44:27:6:27:6:27:Infinity":1,"s:30:21:33:Infinity":5,"s:36:19:38:Infinity":6,"b:37:6:37:Infinity:38:6:38:Infinity":2,"s:40:2:83:Infinity":7,"f:52:28:52:29":2,"s:53:16:66:Infinity":8,"b:59:24:59:Infinity:60:25:60:Infinity":3,"b:71:13:71:25:71:25:71:Infinity:72:14:78:Infinity":4}}}
,"C:\\Users\\pjmar\\OneDrive\\Desktop\\AI POD 2\\ShareSphereBackFront\\ShareSphereFront\\src\\components\\Portfolio.tsx": {"path":"C:\\Users\\pjmar\\OneDrive\\Desktop\\AI POD 2\\ShareSphereBackFront\\ShareSphereFront\\src\\components\\Portfolio.tsx","statementMap":{"0":{"start":{"line":34,"column":17},"end":{"line":34,"column":null}},"1":{"start":{"line":35,"column":28},"end":{"line":35,"column":null}},"2":{"start":{"line":36,"column":28},"end":{"line":36,"column":null}},"3":{"start":{"line":37,"column":30},"end":{"line":37,"column":null}},"4":{"start":{"line":38,"column":26},"end":{"line":38,"column":null}},"5":{"start":{"line":39,"column":26},"end":{"line":39,"column":null}},"6":{"start":{"line":42,"column":4},"end":{"line":73,"column":null}},"7":{"start":{"line":43,"column":31},"end":{"line":70,"column":null}},"8":{"start":{"line":44,"column":6},"end":{"line":47,"column":null}},"9":{"start":{"line":45,"column":8},"end":{"line":45,"column":null}},"10":{"start":{"line":46,"column":8},"end":{"line":46,"column":null}},"11":{"start":{"line":49,"column":6},"end":{"line":69,"column":null}},"12":{"start":{"line":50,"column":8},"end":{"line":50,"column":null}},"13":{"start":{"line":51,"column":8},"end":{"line":51,"column":null}},"14":{"start":{"line":53,"column":21},"end":{"line":55,"column":null}},"15":{"start":{"line":58,"column":49},"end":{"line":58,"column":null}},"16":{"start":{"line":60,"column":8},"end":{"line":60,"column":null}},"17":{"start":{"line":61,"column":8},"end":{"line":61,"column":null}},"18":{"start":{"line":64,"column":8},"end":{"line":64,"column":null}},"19":{"start":{"line":65,"column":8},"end":{"line":65,"column":null}},"20":{"start":{"line":66,"column":8},"end":{"line":66,"column":null}},"21":{"start":{"line":68,"column":8},"end":{"line":68,"column":null}},"22":{"start":{"line":72,"column":4},"end":{"line":72,"column":null}},"23":{"start":{"line":75,"column":4},"end":{"line":102,"column":null}},"24":{"start":{"line":76,"column":27},"end":{"line":99,"column":null}},"25":{"start":{"line":77,"column":6},"end":{"line":80,"column":null}},"26":{"start":{"line":78,"column":8},"end":{"line":78,"column":null}},"27":{"start":{"line":79,"column":8},"end":{"line":79,"column":null}},"28":{"start":{"line":82,"column":6},"end":{"line":98,"column":null}},"29":{"start":{"line":83,"column":8},"end":{"line":83,"column":null}},"30":{"start":{"line":84,"column":8},"end":{"line":84,"column":null}},"31":{"start":{"line":86,"column":21},"end":{"line":88,"column":null}},"32":{"start":{"line":90,"column":8},"end":{"line":90,"column":null}},"33":{"start":{"line":93,"column":8},"end":{"line":93,"column":null}},"34":{"start":{"line":94,"column":8},"end":{"line":94,"column":null}},"35":{"start":{"line":95,"column":8},"end":{"line":95,"column":null}},"36":{"start":{"line":97,"column":8},"end":{"line":97,"column":null}},"37":{"start":{"line":101,"column":4},"end":{"line":101,"column":null}},"38":{"start":{"line":104,"column":25},"end":{"line":109,"column":null}},"39":{"start":{"line":105,"column":4},"end":{"line":108,"column":null}},"40":{"start":{"line":111,"column":2},"end":{"line":120,"column":null}},"41":{"start":{"line":112,"column":4},"end":{"line":118,"column":null}},"42":{"start":{"line":122,"column":22},"end":{"line":122,"column":null}},"43":{"start":{"line":124,"column":2},"end":{"line":188,"column":null}},"44":{"start":{"line":177,"column":29},"end":{"line":177,"column":null}}},"fnMap":{"0":{"name":"Portfolio","decl":{"start":{"line":33,"column":16},"end":{"line":33,"column":28}},"loc":{"start":{"line":33,"column":28},"end":{"line":190,"column":null}},"line":33},"1":{"name":"(anonymous_1)","decl":{"start":{"line":42,"column":14},"end":{"line":42,"column":20}},"loc":{"start":{"line":42,"column":20},"end":{"line":73,"column":5}},"line":42},"2":{"name":"(anonymous_2)","decl":{"start":{"line":43,"column":31},"end":{"line":43,"column":43}},"loc":{"start":{"line":43,"column":43},"end":{"line":70,"column":null}},"line":43},"3":{"name":"(anonymous_3)","decl":{"start":{"line":75,"column":14},"end":{"line":75,"column":20}},"loc":{"start":{"line":75,"column":20},"end":{"line":102,"column":5}},"line":75},"4":{"name":"(anonymous_4)","decl":{"start":{"line":76,"column":27},"end":{"line":76,"column":39}},"loc":{"start":{"line":76,"column":39},"end":{"line":99,"column":null}},"line":76},"5":{"name":"(anonymous_5)","decl":{"start":{"line":104,"column":25},"end":{"line":104,"column":26}},"loc":{"start":{"line":104,"column":44},"end":{"line":109,"column":null}},"line":104},"6":{"name":"(anonymous_6)","decl":{"start":{"line":177,"column":23},"end":{"line":177,"column":29}},"loc":{"start":{"line":177,"column":29},"end":{"line":177,"column":null}},"line":177}},"branchMap":{"0":{"loc":{"start":{"line":44,"column":6},"end":{"line":47,"column":null}},"type":"if","locations":[{"start":{"line":44,"column":6},"end":{"line":47,"column":null}},{"start":{},"end":{}}],"line":44},"1":{"loc":{"start":{"line":64,"column":17},"end":{"line":64,"column":82}},"type":"cond-expr","locations":[{"start":{"line":64,"column":40},"end":{"line":64,"column":55}},{"start":{"line":64,"column":55},"end":{"line":64,"column":82}}],"line":64},"2":{"loc":{"start":{"line":77,"column":6},"end":{"line":80,"column":null}},"type":"if","locations":[{"start":{"line":77,"column":6},"end":{"line":80,"column":null}},{"start":{},"end":{}}],"line":77},"3":{"loc":{"start":{"line":93,"column":17},"end":{"line":93,"column":79}},"type":"cond-expr","locations":[{"start":{"line":93,"column":40},"end":{"line":93,"column":55}},{"start":{"line":93,"column":55},"end":{"line":93,"column":79}}],"line":93},"4":{"loc":{"start":{"line":111,"column":2},"end":{"line":120,"column":null}},"type":"if","locations":[{"start":{"line":111,"column":2},"end":{"line":120,"column":null}},{"start":{},"end":{}}],"line":111},"5":{"loc":{"start":{"line":132,"column":7},"end":{"line":163,"column":null}},"type":"cond-expr","locations":[{"start":{"line":133,"column":8},"end":{"line":162,"column":null}},{"start":{"line":163,"column":10},"end":{"line":163,"column":null}}],"line":132},"6":{"loc":{"start":{"line":140,"column":63},"end":{"line":140,"column":124}},"type":"cond-expr","locations":[{"start":{"line":140,"column":91},"end":{"line":140,"column":110}},{"start":{"line":140,"column":110},"end":{"line":140,"column":124}}],"line":140},"7":{"loc":{"start":{"line":168,"column":9},"end":{"line":179,"column":null}},"type":"cond-expr","locations":[{"start":{"line":169,"column":10},"end":{"line":169,"column":null}},{"start":{"line":171,"column":10},"end":{"line":179,"column":null}}],"line":168}},"s":{"0":4,"1":4,"2":4,"3":4,"4":4,"5":4,"6":4,"7":2,"8":2,"9":0,"10":0,"11":2,"12":2,"13":2,"14":2,"15":2,"16":2,"17":2,"18":0,"19":0,"20":0,"21":2,"22":2,"23":4,"24":2,"25":2,"26":0,"27":0,"28":2,"29":2,"30":2,"31":2,"32":2,"33":0,"34":0,"35":0,"36":2,"37":2,"38":4,"39":1,"40":4,"41":2,"42":2,"43":2,"44":1},"f":{"0":4,"1":2,"2":2,"3":2,"4":2,"5":1,"6":1},"b":{"0":[0,2],"1":[0,0],"2":[0,2],"3":[0,0],"4":[2,2],"5":[1,1],"6":[1,0],"7":[1,1]},"meta":{"lastBranch":8,"lastFunction":7,"lastStatement":45,"seen":{"f:33:16:33:28":0,"s:34:17:34:Infinity":0,"s:35:28:35:Infinity":1,"s:36:28:36:Infinity":2,"s:37:30:37:Infinity":3,"s:38:26:38:Infinity":4,"s:39:26:39:Infinity":5,"s:42:4:73:Infinity":6,"f:42:14:42:20":1,"s:43:31:70:Infinity":7,"f:43:31:43:43":2,"b:44:6:47:Infinity:undefined:undefined:undefined:undefined":0,"s:44:6:47:Infinity":8,"s:45:8:45:Infinity":9,"s:46:8:46:Infinity":10,"s:49:6:69:Infinity":11,"s:50:8:50:Infinity":12,"s:51:8:51:Infinity":13,"s:53:21:55:Infinity":14,"s:58:49:58:Infinity":15,"s:60:8:60:Infinity":16,"s:61:8:61:Infinity":17,"s:64:8:64:Infinity":18,"b:64:40:64:55:64:55:64:82":1,"s:65:8:65:Infinity":19,"s:66:8:66:Infinity":20,"s:68:8:68:Infinity":21,"s:72:4:72:Infinity":22,"s:75:4:102:Infinity":23,"f:75:14:75:20":3,"s:76:27:99:Infinity":24,"f:76:27:76:39":4,"b:77:6:80:Infinity:undefined:undefined:undefined:undefined":2,"s:77:6:80:Infinity":25,"s:78:8:78:Infinity":26,"s:79:8:79:Infinity":27,"s:82:6:98:Infinity":28,"s:83:8:83:Infinity":29,"s:84:8:84:Infinity":30,"s:86:21:88:Infinity":31,"s:90:8:90:Infinity":32,"s:93:8:93:Infinity":33,"b:93:40:93:55:93:55:93:79":3,"s:94:8:94:Infinity":34,"s:95:8:95:Infinity":35,"s:97:8:97:Infinity":36,"s:101:4:101:Infinity":37,"s:104:25:109:Infinity":38,"f:104:25:104:26":5,"s:105:4:108:Infinity":39,"b:111:2:120:Infinity:undefined:undefined:undefined:undefined":4,"s:111:2:120:Infinity":40,"s:112:4:118:Infinity":41,"s:122:22:122:Infinity":42,"s:124:2:188:Infinity":43,"b:133:8:162:Infinity:163:10:163:Infinity":5,"b:140:91:140:110:140:110:140:124":6,"b:169:10:169:Infinity:171:10:179:Infinity":7,"f:177:23:177:29":6,"s:177:29:177:Infinity":44}}}
,"C:\\Users\\pjmar\\OneDrive\\Desktop\\AI POD 2\\ShareSphereBackFront\\ShareSphereFront\\src\\components\\Register.tsx": {"path":"C:\\Users\\pjmar\\OneDrive\\Desktop\\AI POD 2\\ShareSphereBackFront\\ShareSphereFront\\src\\components\\Register.tsx","statementMap":{"0":{"start":{"line":8,"column":24},"end":{"line":8,"column":null}},"1":{"start":{"line":9,"column":30},"end":{"line":9,"column":null}},"2":{"start":{"line":10,"column":36},"end":{"line":10,"column":null}},"3":{"start":{"line":11,"column":30},"end":{"line":11,"column":null}},"4":{"start":{"line":12,"column":44},"end":{"line":12,"column":null}},"5":{"start":{"line":13,"column":32},"end":{"line":13,"column":null}},"6":{"start":{"line":14,"column":19},"end":{"line":14,"column":null}},"7":{"start":{"line":15,"column":8},"end":{"line":15,"column":null}},"8":{"start":{"line":17,"column":23},"end":{"line":52,"column":null}},"9":{"start":{"line":18,"column":4},"end":{"line":18,"column":null}},"10":{"start":{"line":20,"column":5},"end":{"line":23,"column":null}},"11":{"start":{"line":21,"column":6},"end":{"line":21,"column":null}},"12":{"start":{"line":22,"column":6},"end":{"line":22,"column":null}},"13":{"start":{"line":25,"column":9},"end":{"line":28,"column":null}},"14":{"start":{"line":26,"column":6},"end":{"line":26,"column":null}},"15":{"start":{"line":27,"column":6},"end":{"line":27,"column":null}},"16":{"start":{"line":30,"column":4},"end":{"line":33,"column":null}},"17":{"start":{"line":31,"column":6},"end":{"line":31,"column":null}},"18":{"start":{"line":32,"column":6},"end":{"line":32,"column":null}},"19":{"start":{"line":36,"column":4},"end":{"line":39,"column":null}},"20":{"start":{"line":37,"column":6},"end":{"line":37,"column":null}},"21":{"start":{"line":38,"column":6},"end":{"line":38,"column":null}},"22":{"start":{"line":41,"column":4},"end":{"line":41,"column":null}},"23":{"start":{"line":43,"column":4},"end":{"line":51,"column":null}},"24":{"start":{"line":44,"column":6},"end":{"line":44,"column":null}},"25":{"start":{"line":45,"column":6},"end":{"line":45,"column":null}},"26":{"start":{"line":46,"column":6},"end":{"line":46,"column":null}},"27":{"start":{"line":48,"column":6},"end":{"line":48,"column":null}},"28":{"start":{"line":50,"column":6},"end":{"line":50,"column":null}},"29":{"start":{"line":54,"column":2},"end":{"line":167,"column":null}},"30":{"start":{"line":71,"column":31},"end":{"line":71,"column":null}},"31":{"start":{"line":87,"column":31},"end":{"line":87,"column":null}},"32":{"start":{"line":103,"column":33},"end":{"line":103,"column":null}},"33":{"start":{"line":118,"column":31},"end":{"line":118,"column":null}},"34":{"start":{"line":134,"column":31},"end":{"line":134,"column":null}}},"fnMap":{"0":{"name":"Register","decl":{"start":{"line":7,"column":16},"end":{"line":7,"column":27}},"loc":{"start":{"line":7,"column":27},"end":{"line":169,"column":null}},"line":7},"1":{"name":"(anonymous_1)","decl":{"start":{"line":17,"column":23},"end":{"line":17,"column":30}},"loc":{"start":{"line":17,"column":53},"end":{"line":52,"column":null}},"line":17},"2":{"name":"(anonymous_2)","decl":{"start":{"line":71,"column":24},"end":{"line":71,"column":25}},"loc":{"start":{"line":71,"column":31},"end":{"line":71,"column":null}},"line":71},"3":{"name":"(anonymous_3)","decl":{"start":{"line":87,"column":24},"end":{"line":87,"column":25}},"loc":{"start":{"line":87,"column":31},"end":{"line":87,"column":null}},"line":87},"4":{"name":"(anonymous_4)","decl":{"start":{"line":103,"column":26},"end":{"line":103,"column":27}},"loc":{"start":{"line":103,"column":33},"end":{"line":103,"column":null}},"line":103},"5":{"name":"(anonymous_5)","decl":{"start":{"line":118,"column":24},"end":{"line":118,"column":25}},"loc":{"start":{"line":118,"column":31},"end":{"line":118,"column":null}},"line":118},"6":{"name":"(anonymous_6)","decl":{"start":{"line":134,"column":24},"end":{"line":134,"column":25}},"loc":{"start":{"line":134,"column":31},"end":{"line":134,"column":null}},"line":134}},"branchMap":{"0":{"loc":{"start":{"line":20,"column":5},"end":{"line":23,"column":null}},"type":"if","locations":[{"start":{"line":20,"column":5},"end":{"line":23,"column":null}},{"start":{},"end":{}}],"line":20},"1":{"loc":{"start":{"line":25,"column":9},"end":{"line":28,"column":null}},"type":"if","locations":[{"start":{"line":25,"column":9},"end":{"line":28,"column":null}},{"start":{},"end":{}}],"line":25},"2":{"loc":{"start":{"line":30,"column":4},"end":{"line":33,"column":null}},"type":"if","locations":[{"start":{"line":30,"column":4},"end":{"line":33,"column":null}},{"start":{},"end":{}}],"line":30},"3":{"loc":{"start":{"line":36,"column":4},"end":{"line":39,"column":null}},"type":"if","locations":[{"start":{"line":36,"column":4},"end":{"line":39,"column":null}},{"start":{},"end":{}}],"line":36},"4":{"loc":{"start":{"line":48,"column":18},"end":{"line":48,"column":56}},"type":"binary-expr","locations":[{"start":{"line":48,"column":18},"end":{"line":48,"column":35}},{"start":{"line":48,"column":35},"end":{"line":48,"column":56}}],"line":48},"5":{"loc":{"start":{"line":147,"column":13},"end":{"line":153,"column":null}},"type":"cond-expr","locations":[{"start":{"line":148,"column":14},"end":{"line":151,"column":null}},{"start":{"line":153,"column":14},"end":{"line":153,"column":null}}],"line":147}},"s":{"0":123,"1":123,"2":123,"3":123,"4":123,"5":123,"6":123,"7":123,"8":123,"9":3,"10":3,"11":1,"12":1,"13":2,"14":0,"15":0,"16":2,"17":1,"18":1,"19":1,"20":0,"21":0,"22":1,"23":1,"24":1,"25":1,"26":1,"27":0,"28":1,"29":123,"30":15,"31":20,"32":33,"33":24,"34":24},"f":{"0":123,"1":3,"2":15,"3":20,"4":33,"5":24,"6":24},"b":{"0":[1,2],"1":[0,2],"2":[1,1],"3":[0,1],"4":[0,0],"5":[1,122]},"meta":{"lastBranch":6,"lastFunction":7,"lastStatement":35,"seen":{"f:7:16:7:27":0,"s:8:24:8:Infinity":0,"s:9:30:9:Infinity":1,"s:10:36:10:Infinity":2,"s:11:30:11:Infinity":3,"s:12:44:12:Infinity":4,"s:13:32:13:Infinity":5,"s:14:19:14:Infinity":6,"s:15:8:15:Infinity":7,"s:17:23:52:Infinity":8,"f:17:23:17:30":1,"s:18:4:18:Infinity":9,"b:20:5:23:Infinity:undefined:undefined:undefined:undefined":0,"s:20:5:23:Infinity":10,"s:21:6:21:Infinity":11,"s:22:6:22:Infinity":12,"b:25:9:28:Infinity:undefined:undefined:undefined:undefined":1,"s:25:9:28:Infinity":13,"s:26:6:26:Infinity":14,"s:27:6:27:Infinity":15,"b:30:4:33:Infinity:undefined:undefined:undefined:undefined":2,"s:30:4:33:Infinity":16,"s:31:6:31:Infinity":17,"s:32:6:32:Infinity":18,"b:36:4:39:Infinity:undefined:undefined:undefined:undefined":3,"s:36:4:39:Infinity":19,"s:37:6:37:Infinity":20,"s:38:6:38:Infinity":21,"s:41:4:41:Infinity":22,"s:43:4:51:Infinity":23,"s:44:6:44:Infinity":24,"s:45:6:45:Infinity":25,"s:46:6:46:Infinity":26,"s:48:6:48:Infinity":27,"b:48:18:48:35:48:35:48:56":4,"s:50:6:50:Infinity":28,"s:54:2:167:Infinity":29,"f:71:24:71:25":2,"s:71:31:71:Infinity":30,"f:87:24:87:25":3,"s:87:31:87:Infinity":31,"f:103:26:103:27":4,"s:103:33:103:Infinity":32,"f:118:24:118:25":5,"s:118:31:118:Infinity":33,"f:134:24:134:25":6,"s:134:31:134:Infinity":34,"b:148:14:151:Infinity:153:14:153:Infinity":5}}}
,"C:\\Users\\pjmar\\OneDrive\\Desktop\\AI POD 2\\ShareSphereBackFront\\ShareSphereFront\\src\\components\\ShareList.tsx": {"path":"C:\\Users\\pjmar\\OneDrive\\Desktop\\AI POD 2\\ShareSphereBackFront\\ShareSphereFront\\src\\components\\ShareList.tsx","statementMap":{"0":{"start":{"line":22,"column":8},"end":{"line":22,"column":null}},"1":{"start":{"line":24,"column":22},"end":{"line":29,"column":null}},"2":{"start":{"line":25,"column":4},"end":{"line":28,"column":null}},"3":{"start":{"line":31,"column":21},"end":{"line":39,"column":null}},"4":{"start":{"line":32,"column":17},"end":{"line":32,"column":null}},"5":{"start":{"line":33,"column":4},"end":{"line":38,"column":null}},"6":{"start":{"line":41,"column":27},"end":{"line":44,"column":null}},"7":{"start":{"line":43,"column":4},"end":{"line":43,"column":null}},"8":{"start":{"line":47,"column":2},"end":{"line":98,"column":null}},"9":{"start":{"line":63,"column":16},"end":{"line":86,"column":null}},"10":{"start":{"line":80,"column":37},"end":{"line":80,"column":null}}},"fnMap":{"0":{"name":"ShareList","decl":{"start":{"line":21,"column":16},"end":{"line":21,"column":26}},"loc":{"start":{"line":21,"column":63},"end":{"line":100,"column":null}},"line":21},"1":{"name":"(anonymous_1)","decl":{"start":{"line":24,"column":22},"end":{"line":24,"column":23}},"loc":{"start":{"line":24,"column":41},"end":{"line":29,"column":null}},"line":24},"2":{"name":"(anonymous_2)","decl":{"start":{"line":31,"column":21},"end":{"line":31,"column":22}},"loc":{"start":{"line":31,"column":45},"end":{"line":39,"column":null}},"line":31},"3":{"name":"(anonymous_3)","decl":{"start":{"line":41,"column":27},"end":{"line":41,"column":28}},"loc":{"start":{"line":41,"column":43},"end":{"line":44,"column":null}},"line":41},"4":{"name":"(anonymous_4)","decl":{"start":{"line":62,"column":26},"end":{"line":62,"column":27}},"loc":{"start":{"line":63,"column":16},"end":{"line":86,"column":null}},"line":63},"5":{"name":"(anonymous_5)","decl":{"start":{"line":80,"column":31},"end":{"line":80,"column":37}},"loc":{"start":{"line":80,"column":37},"end":{"line":80,"column":null}},"line":80}},"branchMap":{},"s":{"0":3,"1":3,"2":4,"3":3,"4":0,"5":0,"6":3,"7":1,"8":3,"9":4,"10":1},"f":{"0":3,"1":4,"2":0,"3":1,"4":4,"5":1},"b":{},"meta":{"lastBranch":0,"lastFunction":6,"lastStatement":11,"seen":{"f:21:16:21:26":0,"s:22:8:22:Infinity":0,"s:24:22:29:Infinity":1,"f:24:22:24:23":1,"s:25:4:28:Infinity":2,"s:31:21:39:Infinity":3,"f:31:21:31:22":2,"s:32:17:32:Infinity":4,"s:33:4:38:Infinity":5,"s:41:27:44:Infinity":6,"f:41:27:41:28":3,"s:43:4:43:Infinity":7,"s:47:2:98:Infinity":8,"f:62:26:62:27":4,"s:63:16:86
[...]
"(anonymous_5)","decl":{"start":{"line":78,"column":31},"end":{"line":78,"column":32}},"loc":{"start":{"line":78,"column":41},"end":{"line":85,"column":5}},"line":78},"6":{"name":"(anonymous_6)","decl":{"start":{"line":89,"column":25},"end":{"line":89,"column":26}},"loc":{"start":{"line":89,"column":47},"end":{"line":103,"column":null}},"line":89},"7":{"name":"(anonymous_7)","decl":{"start":{"line":105,"column":23},"end":{"line":105,"column":29}},"loc":{"start":{"line":105,"column":29},"end":{"line":124,"column":null}},"line":105},"8":{"name":"(anonymous_8)","decl":{"start":{"line":126,"column":25},"end":{"line":126,"column":26}},"loc":{"start":{"line":126,"column":52},"end":{"line":140,"column":null}},"line":126},"9":{"name":"(anonymous_9)","decl":{"start":{"line":142,"column":26},"end":{"line":142,"column":32}},"loc":{"start":{"line":142,"column":32},"end":{"line":147,"column":null}},"line":142},"10":{"name":"(anonymous_10)","decl":{"start":{"line":150,"column":23},"end":{"line":150,"column":30}},"loc":{"start":{"line":150,"column":53},"end":{"line":196,"column":null}},"line":150},"11":{"name":"(anonymous_11)","decl":{"start":{"line":172,"column":21},"end":{"line":172,"column":29}},"loc":{"start":{"line":172,"column":29},"end":{"line":176,"column":9}},"line":172},"12":{"name":"(anonymous_12)","decl":{"start":{"line":172,"column":38},"end":{"line":172,"column":null}},"loc":{"start":{"line":173,"column":10},"end":{"line":175,"column":null}},"line":173},"13":{"name":"(anonymous_13)","decl":{"start":{"line":186,"column":21},"end":{"line":186,"column":29}},"loc":{"start":{"line":186,"column":29},"end":{"line":186,"column":51}},"line":186},"14":{"name":"(anonymous_14)","decl":{"start":{"line":199,"column":23},"end":{"line":199,"column":30}},"loc":{"start":{"line":199,"column":55},"end":{"line":214,"column":null}},"line":199},"15":{"name":"(anonymous_15)","decl":{"start":{"line":206,"column":19},"end":{"line":206,"column":27}},"loc":{"start":{"line":206,"column":27},"end":{"line":206,"column":82}},"line":206},"16":{"name":"(anonymous_16)","decl":{"start":{"line":206,"column":39},"end":{"line":206,"column":44}},"loc":{"start":{"line":206,"column":44},"end":{"line":206,"column":81}},"line":206},"17":{"name":"(anonymous_17)","decl":{"start":{"line":234,"column":19},"end":{"line":234,"column":25}},"loc":{"start":{"line":234,"column":25},"end":{"line":234,"column":null}},"line":234},"18":{"name":"(anonymous_18)","decl":{"start":{"line":249,"column":27},"end":{"line":249,"column":33}},"loc":{"start":{"line":249,"column":33},"end":{"line":249,"column":null}},"line":249},"19":{"name":"(anonymous_19)","decl":{"start":{"line":258,"column":27},"end":{"line":258,"column":33}},"loc":{"start":{"line":258,"column":33},"end":{"line":258,"column":null}},"line":258},"20":{"name":"(anonymous_20)","decl":{"start":{"line":267,"column":27},"end":{"line":267,"column":33}},"loc":{"start":{"line":267,"column":33},"end":{"line":267,"column":null}},"line":267},"21":{"name":"(anonymous_21)","decl":{"start":{"line":285,"column":36},"end":{"line":285,"column":37}},"loc":{"start":{"line":286,"column":18},"end":{"line":312,"column":null}},"line":286},"22":{"name":"(anonymous_22)","decl":{"start":{"line":297,"column":35},"end":{"line":297,"column":41}},"loc":{"start":{"line":297,"column":41},"end":{"line":297,"column":null}},"line":297},"23":{"name":"(anonymous_23)","decl":{"start":{"line":304,"column":35},"end":{"line":304,"column":41}},"loc":{"start":{"line":304,"column":41},"end":{"line":304,"column":null}},"line":304},"24":{"name":"(anonymous_24)","decl":{"start":{"line":343,"column":28},"end":{"line":343,"column":29}},"loc":{"start":{"line":343,"column":35},"end":{"line":346,"column":null}},"line":343},"25":{"name":"(anonymous_25)","decl":{"start":{"line":344,"column":32},"end":{"line":344,"column":41}},"loc":{"start":{"line":344,"column":41},"end":{"line":344,"column":75}},"line":344},"26":{"name":"(anonymous_26)","decl":{"start":{"line":345,"column":30},"end":{"line":345,"column":39}},"loc":{"start":{"line":345,"column":39},"end":{"line":345,"column":61}},"line":345},"27":{"name":"(anonymous_27)","decl":{"start":{"line":368,"column":28},"end":{"line":368,"column":29}},"loc":{"start":{"line":368,"column":35},"end":{"line":371,"column":null}},"line":368},"28":{"name":"(anonymous_28)","decl":{"start":{"line":369,"column":32},"end":{"line":369,"column":41}},"loc":{"start":{"line":369,"column":41},"end":{"line":369,"column":80}},"line":369},"29":{"name":"(anonymous_29)","decl":{"start":{"line":370,"column":30},"end":{"line":370,"column":39}},"loc":{"start":{"line":370,"column":39},"end":{"line":370,"column":64}},"line":370},"30":{"name":"(anonymous_30)","decl":{"start":{"line":393,"column":28},"end":{"line":393,"column":29}},"loc":{"start":{"line":393,"column":35},"end":{"line":396,"column":null}},"line":393},"31":{"name":"(anonymous_31)","decl":{"start":{"line":394,"column":32},"end":{"line":394,"column":41}},"loc":{"start":{"line":394,"column":41},"end":{"line":394,"column":94}},"line":394},"32":{"name":"(anonymous_32)","decl":{"start":{"line":395,"column":30},"end":{"line":395,"column":39}},"loc":{"start":{"line":395,"column":39},"end":{"line":395,"column":66}},"line":395},"33":{"name":"(anonymous_33)","decl":{"start":{"line":438,"column":21},"end":{"line":438,"column":27}},"loc":{"start":{"line":438,"column":27},"end":{"line":438,"column":null}},"line":438},"34":{"name":"(anonymous_34)","decl":{"start":{"line":439,"column":20},"end":{"line":439,"column":26}},"loc":{"start":{"line":439,"column":26},"end":{"line":439,"column":null}},"line":439}},"branchMap":{"0":{"loc":{"start":{"line":58,"column":4},"end":{"line":69,"column":null}},"type":"if","locations":[{"start":{"line":58,"column":4},"end":{"line":69,"column":null}},{"start":{"line":66,"column":11},"end":{"line":69,"column":null}}],"line":58},"1":{"loc":{"start":{"line":60,"column":6},"end":{"line":65,"column":null}},"type":"if","locations":[{"start":{"line":60,"column":6},"end":{"line":65,"column":null}},{"start":{"line":62,"column":6},"end":{"line":65,"column":null}}],"line":60},"2":{"loc":{"start":{"line":62,"column":6},"end":{"line":65,"column":null}},"type":"if","locations":[{"start":{"line":62,"column":6},"end":{"line":65,"column":null}},{"start":{},"end":{}}],"line":62},"3":{"loc":{"start":{"line":74,"column":4},"end":{"line":76,"column":null}},"type":"if","locations":[{"start":{"line":74,"column":4},"end":{"line":76,"column":null}},{"start":{},"end":{}}],"line":74},"4":{"loc":{"start":{"line":74,"column":8},"end":{"line":74,"column":38}},"type":"binary-expr","locations":[{"start":{"line":74,"column":8},"end":{"line":74,"column":22}},{"start":{"line":74,"column":22},"end":{"line":74,"column":38}}],"line":74},"5":{"loc":{"start":{"line":84,"column":13},"end":{"line":84,"column":null}},"type":"cond-expr","locations":[{"start":{"line":84,"column":39},"end":{"line":84,"column":52}},{"start":{"line":84,"column":52},"end":{"line":84,"column":null}}],"line":84},"6":{"loc":{"start":{"line":90,"column":4},"end":{"line":92,"column":null}},"type":"if","locations":[{"start":{"line":90,"column":4},"end":{"line":92,"column":null}},{"start":{},"end":{}}],"line":90},"7":{"loc":{"start":{"line":94,"column":4},"end":{"line":96,"column":null}},"type":"if","locations":[{"start":{"line":94,"column":4},"end":{"line":96,"column":null}},{"start":{},"end":{}}],"line":94},"8":{"loc":{"start":{"line":98,"column":4},"end":{"line":100,"column":null}},"type":"if","locations":[{"start":{"line":98,"column":4},"end":{"line":100,"column":null}},{"start":{},"end":{}}],"line":98},"9":{"loc":{"start":{"line":108,"column":4},"end":{"line":110,"column":null}},"type":"if","locations":[{"start":{"line":108,"column":4},"end":{"line":110,"column":null}},{"start":{},"end":{}}],"line":108},"10":{"loc":{"start":{"line":112,"column":4},"end":{"line":114,"column":null}},"type":"if","locations":[{"start":{"line":112,"column":4},"end":{"line":114,"column":null}},{"start":{},"end":{}}],"line":112},"11":{"loc":{"start":{"line":116,"column":4},"end":{"line":120,"column":null}},"type":"if","locations":[{"start":{"line":116,"column":4},"end":{"line":120,"column":null}},{"start":{"line":118,"column":4},"end":{"line":120,"column":null}}],"line":116},"12":{"loc":{"start":{"line":118,"column":4},"end":{"line":120,"column":null}},"type":"if","locations":[{"start":{"line":118,"column":4},"end":{"line":120,"column":null}},{"start":{},"end":{}}],"line":118},"13":{"loc":{"start":{"line":127,"column":4},"end":{"line":137,"column":null}},"type":"if","locations":[{"start":{"line":127,"column":4},"end":{"line":137,"column":null}},{"start":{"line":134,"column":11},"end":{"line":137,"column":null}}],"line":127},"14":{"loc":{"start":{"line":153,"column":4},"end":{"line":156,"column":null}},"type":"if","locations":[{"start":{"line":153,"column":4},"end":{"line":156,"column":null}},{"start":{},"end":{}}],"line":153},"15":{"loc":{"start":{"line":165,"column":6},"end":{"line":188,"column":null}},"type":"if","locations":[{"start":{"line":165,"column":6},"end":{"line":188,"column":null}},{"start":{"line":179,"column":13},"end":{"line":188,"column":null}}],"line":165},"16":{"loc":{"start":{"line":173,"column":10},"end":{"line":175,"column":null}},"type":"cond-expr","locations":[{"start":{"line":174,"column":14},"end":{"line":174,"column":null}},{"start":{"line":175,"column":16},"end":{"line":175,"column":null}}],"line":173},"17":{"loc":{"start":{"line":194,"column":18},"end":{"line":194,"column":61}},"type":"binary-expr","locations":[{"start":{"line":194,"column":18},"end":{"line":194,"column":36}},{"start":{"line":194,"column":36},"end":{"line":194,"column":61}}],"line":194},"18":{"loc":{"start":{"line":212,"column":18},"end":{"line":212,"column":63}},"type":"binary-expr","locations":[{"start":{"line":212,"column":18},"end":{"line":212,"column":36}},{"start":{"line":212,"column":36},"end":{"line":212,"column":63}}],"line":212},"19":{"loc":{"start":{"line":216,"column":2},"end":{"line":222,"column":null}},"type":"if","locations":[{"start":{"line":216,"column":2},"end":{"line":222,"column":null}},{"start":{},"end":{}}],"line":216},"20":{"loc":{"start":{"line":278,"column":15},"end":{"line":313,"column":null}},"type":"cond-expr","locations":[{"start":{"line":279,"column":16},"end":{"line":283,"column":null}},{"start":{"line":285,"column":16},"end":{"line":313,"column":null}}],"line":278},"21":{"loc":{"start":{"line":320,"column":7},"end":{"line":429,"column":null}},"type":"binary-expr","locations":[{"start":{"line":320,"column":7},"end":{"line":320,"column":null}},{"start":{"line":321,"column":8},"end":{"line":429,"column":null}}],"line":320},"22":{"loc":{"start":{"line":324,"column":45},"end":{"line":324,"column":100}},"type":"cond-expr","locations":[{"start":{"line":324,"column":63},"end":{"line":324,"column":81}},{"start":{"line":324,"column":81},"end":{"line":324,"column":100}}],"line":324},"23":{"loc":{"start":{"line":348,"column":20},"end":{"line":348,"column":null}},"type":"cond-expr","locations":[{"start":{"line":348,"column":34},"end":{"line":348,"column":54}},{"start":{"line":348,"column":54},"end":{"line":348,"column":null}}],"line":348},"24":{"loc":{"start":{"line":352,"column":17},"end":{"line":356,"column":null}},"type":"binary-expr","locations":[{"start":{"line":352,"column":17},"end":{"line":352,"column":null}},{"start":{"line":353,"column":18},"end":{"line":356,"column":null}}],"line":352},"25":{"loc":{"start":{"line":373,"column":20},"end":{"line":373,"column":null}},"type":"cond-expr","locations":[{"start":{"line":373,"column":38},"end":{"line":373,"column":57}},{"start":{"line":373,"column":57},"end":{"line":373,"column":null}}],"line":373},"26":{"loc":{"start":{"line":377,"column":17},"end":{"line":381,"column":null}},"type":"binary-expr","locations":[{"start":{"line":377,"column":17},"end":{"line":377,"column":null}},{"start":{"line":378,"column":18},"end":{"line":381,"column":null}}],"line":377},"27":{"loc":{"start":{"line":398,"column":20},"end":{"line":398,"column":null}},"type":"cond-expr","locations":[{"start":{"line":398,"column":38},"end":{"line":398,"column":57}},{"start":{"line":398,"column":57},"end":{"line":398,"column":null}}],"line":398},"28":{"loc":{"start":{"line":404,"column":17},"end":{"line":408,"column":null}},"type":"binary-expr","locations":[{"start":{"line":404,"column":17},"end":{"line":404,"column":null}},{"start":{"line":405,"column":18},"end":{"line":408,"column":null}}],"line":404},"29":{"loc":{"start":{"line":417,"column":19},"end":{"line":417,"column":null}},"type":"cond-expr","locations":[{"start":{"line":417,"column":37},"end":{"line":417,"column":57}},{"start":{"line":417,"column":57},"end":{"line":417,"column":null}}],"line":417},"30":{"loc":{"start":{"line":432,"column":7},"end":{"line":441,"column":null}},"type":"binary-expr","locations":[{"start":{"line":432,"column":7},"end":{"line":432,"column":null}},{"start":{"line":433,"column":8},"end":{"line":441,"column":null}}],"line":432}},"s":{"0":0,"1":0,"2":0,"3":0,"4":0,"5":0,"6":0,"7":0,"8":0,"9":0,"10":0,"11":0,"12":0,"13":0,"14":0,"15":0,"16":0,"17":0,"18":0,"19":0,"20":0,"21":0,"22":0,"23":0,"24":0,"25":0,"26":0,"27":0,"28":0,"29":0,"30":0,"31":0,"32":0,"33":0,"34":0,"35":0,"36":0,"37":0,"38":0,"39":0,"40":0,"41":0,"42":0,"43":0,"44":0,"45":0,"46":0,"47":0,"48":0,"49":0,"50":0,"51":0,"52":0,"53":0,"54":0,"55":0,"56":0,"57":0,"58":0,"59":0,"60":0,"61":0,"62":0,"63":0,"64":0,"65":0,"66":0,"67":0,"68":0,"69":0,"70":0,"71":0,"72":0,"73":0,"74":0,"75":0,"76":0,"77":0,"78":0,"79":0,"80":0,"81":0,"82":0,"83":0,"84":0,"85":0,"86":0,"87":0,"88":0,"89":0,"90":0,"91":0,"92":0,"93":0,"94":0,"95":0,"96":0,"97":0,"98":0,"99":0,"100":0,"101":0,"102":0,"103":0,"104":0,"105":0,"106":0,"107":0,"108":0,"109":0,"110":0,"111":0,"112":0,"113":0,"114":0,"115":0,"116":0,"117":0,"118":0,"119":0,"120":0,"121":0,"122":0,"123":0,"124":0},"f":{"0":0,"1":0,"2":0,"3":0,"4":0,"5":0,"6":0,"7":0,"8":0,"9":0,"10":0,"11":0,"12":0,"13":0,"14":0,"15":0,"16":0,"17":0,"18":0,"19":0,"20":0,"21":0,"22":0,"23":0,"24":0,"25":0,"26":0,"27":0,"28":0,"29":0,"30":0,"31":0,"32":0,"33":0,"34":0},"b":{"0":[0,0],"1":[0,0],"2":[0,0],"3":[0,0],"4":[0,0],"5":[0,0],"6":[0,0],"7":[0,0],"8":[0,0],"9":[0,0],"10":[0,0],"11":[0,0],"12":[0,0],"13":[0,0],"14":[0,0],"15":[0,0],"16":[0,0],"17":[0,0],"18":[0,0],"19":[0,0],"20":[0,0],"21":[0,0],"22":[0,0],"23":[0,0],"24":[0,0],"25":[0,0],"26":[0,0],"27":[0,0],"28":[0,0],"29":[0,0],"30":[0,0]},"meta":{"lastBranch":31,"lastFunction":35,"lastStatement":125,"seen":{"f:18:16:18:37":0,"s:19:32:19:Infinity":0,"s:20:28:20:Infinity":1,"s:21:30:21:Infinity":2,"s:22:44:22:Infinity":3,"s:23:40:23:Infinity":4,"s:26:32:26:Infinity":5,"s:27:40:27:Infinity":6,"s:29:30:33:Infinity":7,"s:35:26:35:Infinity":8,"s:38:2:54:Infinity":9,"f:38:12:38:18":1,"s:39:27:51:Infinity":10,"f:39:27:39:39":2,"s:40:6:50:Infinity":11,"s:41:8:41:Infinity":12,"s:42:21:42:Infinity":13,"s:43:8:43:Infinity":14,"s:45:8:45:Infinity":15,"s:46:8:46:Infinity":16,"s:47:8:47:Infinity":17,"s:49:8:49:Infinity":18,"s:53:4:53:Infinity":19,"s:57:21:70:Infinity":20,"f:57:21:57:22":3,"b:58:4:69:Infinity:66:11:69:Infinity":0,"s:58:4:69:Infinity":21,"b:60:6:65:Infinity:62:6:65:Infinity":1,"s:60:6:65:Infinity":22,"s:61:8:61:Infinity":23,"b:62:6:65:Infinity:undefined:undefined:undefined:undefined":2,"s:62:6:65:Infinity":24,"s:63:8:63:Infinity":25,"s:64:8:64:Infinity":26,"s:67:6:67:Infinity":27,"s:68:6:68:Infinity":28,"s:73:29:86:Infinity":29,"f:73:29:73:35":4,"b:74:4:76:Infinity:undefined:undefined:undefined:undefined":3,"s:74:4:76:Infinity":30,"b:74:8:74:22:74:22:74:38":4,"s:75:6:75:Infinity":31,"s:78:4:85:Infinity":32,"f:78:31:78:32":5,"s:79:21:79:Infinity":33,"s:80:21:80:Infinity":34,"s:83:25:83:Infinity":35,"s:84:6:84:Infinity":36,"b:84:39:84:52:84:52:84:Infinity":5,"s:89:25:103:Infinity":37,"f:89:25:89:26":6,"b:90:4:92:Infinity:undefined:undefined:undefined:undefined":6,"s:90:4:92:Infinity":38,"s:91:6:91:Infinity":39,"b:94:4:96:Infinity:undefined:undefined:undefined:undefined":7,"s:94:4:96:Infinity":40,"s:95:6:95:Infinity":41,"b:98:4:100:Infinity:undefined:undefined:undefined:undefined":8,"s:98:4:100:Infinity":42,"s:99:6:99:Infinity":43,"s:102:4:102:Infinity":44,"s:105:23:124:Infinity":45,"f:105:23:105:29":7,"s:106:46:106:Infinity":46,"b:108:4:110:Infinity:undefined:undefined:undefined:undefined":9,"s:108:4:110:Infinity":47,"s:109:6:109:Infinity":48,"b:112:4:114:Infinity:undefined:undefined:undefined:undefined":10,"s:112:4:114:Infinity":49,"s:113:6:113:Infinity":50,"b:116:4:120:Infinity:118:4:120:Infinity":11,"s:116:4:120:Infinity":51,"s:117:6:117:Infinity":52,"b:118:4:120:Infinity:undefined:undefined:undefined:undefined":12,"s:118:4:120:Infinity":53,"s:119:6:119:Infinity":54,"s:122:4:122:Infinity":55,"s:123:4:123:Infinity":56,"s:126:25:140:Infinity":57,"f:126:25:126:26":8,"b:127:4:137:Infinity:134:11:137:Infinity":13,"s:127:4:137:Infinity":58,"s:128:6:128:Infinity":59,"s:129:6:133:Infinity":60,"s:135:6:135:Infinity":61,"s:136:6:136:Infinity":62,"s:138:4:138:Infinity":63,"s:139:4:139:Infinity":64,"s:142:26:147:Infinity":65,"f:142:26:142:32":9,"s:143:4:143:Infinity":66,"s:144:4:144:Infinity":67,"s:145:4:145:Infinity":68,"s:146:4:146:Infinity":69,"s:150:23:196:Infinity":70,"f:150:23:150:30":10,"s:151:4:151:Infinity":71,"b:153:4:156:Infinity:undefined:undefined:undefined:undefined":14,"s:153:4:156:Infinity":72,"s:154:6:154:Infinity":73,"s:155:6:155:Infinity":74,"s:158:4:195:Infinity":75,"s:159:27:163:Infinity":76,"b:165:6:188:Infinity:179:13:188:Infinity":15,"s:165:6:188:Infinity":77,"s:167:8:170:Infinity":78,"s:172:8:176:Infinity":79,"f:172:21:172:29":11,"s:172:29:176:9":80,"f:172:38:172:Infinity":12,"s:173:10:175:Infinity":81,"b:174:14:174:Infinity:175:16:175:Infinity":16,"s:177:8:177:Infinity":82,"s:181:28:184:Infinity":83,"s:186:8:186:Infinity":84,"f:186:21:186:29":13,"s:186:29:186:51":85,"s:187:8:187:Infinity":86,"s:190:6:190:Infinity":87,"s:193:6:193:Infinity":88,"s:194:6:194:Infinity":89,"b:194:18:194:36:194:36:194:61":17,"s:199:23:214:Infinity":90,"f:199:23:199:30":14,"s:200:4:213:Infinity":91,"s:202:6:204:Infinity":92,"s:206:6:206:Infinity":93,"f:206:19:206:27":15,"s:206:27:206:82":94,"f:206:39:206:44":16,"s:206:44:206:81":95,"s:207:6:207:Infinity":96,"s:208:6:208:Infinity":97,"s:211:6:211:Infinity":98,"s:212:6:212:Infinity":99,"b:212:18:212:36:212:36:212:63":18,"b:216:2:222:Infinity:undefined:undefined:undefined:undefined":19,"s:216:2:222:Infinity":100,"s:217:4:220:Infinity":101,"s:224:26:224:Infinity":102,"s:226:2:443:Infinity":103,"f:234:19:234:25":17,"s:234:25:234:Infinity":104,"f:249:27:249:33":18,"s:249:33:249:Infinity":105,"f:258:27:258:33":19,"s:258:33:258:Infinity":106,"f:267:27:267:33":20,"s:267:33:267:Infinity":107,"b:279:16:283:Infinity:285:16:313:Infinity":20,"f:285:36:285:37":21,"s:286:18:312:Infinity":108,"f:297:35:297:41":22,"s:297:41:297:Infinity":109,"f:304:35:304:41":23,"s:304:41:304:Infinity":110,"b:320:7:320:Infinity:321:8:429:Infinity":21,"b:324:63:324:81:324:81:324:100":22,"f:343:28:343:29":24,"s:344:20:344:Infinity":111,"f:344:32:344:41":25,"s:344:41:344:75":112,"s:345:20:345:Infinity":113,"f:345:30:345:39":26,"s:345:39:345:61":114,"b:348:34:348:54:348:54:348:Infinity":23,"b:352:17:352:Infinity:353:18:356:Infinity":24,"f:368:28:368:29":27,"s:369:20:369:Infinity":115,"f:369:32:369:41":28,"s:369:41:369:80":116,"s:370:20:370:Infinity":117,"f:370:30:370:39":29,"s:370:39:370:64":118,"b:373:38:373:57:373:57:373:Infinity":25,"b:377:17:377:Infinity:378:18:381:Infinity":26,"f:393:28:393:29":30,"s:394:20:394:Infinity":119,"f:394:32:394:41":31,"s:394:41:394:94":120,"s:395:20:395:Infinity":121,"f:395:30:395:39":32,"s:395:39:395:66":122,"b:398:38:398:57:398:57:398:Infinity":27,"b:404:17:404:Infinity:405:18:408:Infinity":28,"b:417:37:417:57:417:57:417:Infinity":29,"b:432:7:432:Infinity:433:8:441:Infinity":30,"f:438:21:438:27":33,"s:438:27:438:Infinity":123,"f:439:20:439:26":34,"s:439:26:439:Infinity":124}}}
}
